<?xml version="1.0" encoding="UTF-8"?>
<testsuite name="org.apache.jmeter.protocol.mail.sampler.TestMailReaderSampler" tests="1" skipped="0" failures="0" errors="0" timestamp="2020-04-13T04:22:53" hostname="DESKTOP-E34GR96" time="2.126">
  <properties/>
  <testcase name="testPassCustomProperties()" classname="org.apache.jmeter.protocol.mail.sampler.TestMailReaderSampler" time="2.126"/>
  <system-out><![CDATA[]]></system-out>
  <system-err><![CDATA[]]></system-err>
</testsuite>
