<?xml version="1.0" encoding="UTF-8"?>
<testsuite name="org.apache.jmeter.protocol.tcp.sampler.LengthPrefixedBinaryTCPClientImplTest" tests="2" skipped="0" failures="0" errors="0" timestamp="2020-04-13T04:23:06" hostname="DESKTOP-E34GR96" time="0.006">
  <properties/>
  <testcase name="testError()" classname="org.apache.jmeter.protocol.tcp.sampler.LengthPrefixedBinaryTCPClientImplTest" time="0.004"/>
  <testcase name="testValid()" classname="org.apache.jmeter.protocol.tcp.sampler.LengthPrefixedBinaryTCPClientImplTest" time="0.001"/>
  <system-out><![CDATA[]]></system-out>
  <system-err><![CDATA[]]></system-err>
</testsuite>
