<?xml version="1.0" encoding="UTF-8"?>
<testsuite name="org.apache.jmeter.protocol.tcp.sampler.BinaryTCPClientImplTest" tests="3" skipped="0" failures="0" errors="0" timestamp="2020-04-13T04:23:05" hostname="DESKTOP-E34GR96" time="1.916">
  <properties/>
  <testcase name="testLoopBack()" classname="org.apache.jmeter.protocol.tcp.sampler.BinaryTCPClientImplTest" time="1.892"/>
  <testcase name="testRoundTrip()" classname="org.apache.jmeter.protocol.tcp.sampler.BinaryTCPClientImplTest" time="0.022"/>
  <testcase name="testHexStringToByteArray()" classname="org.apache.jmeter.protocol.tcp.sampler.BinaryTCPClientImplTest" time="0.001"/>
  <system-out><![CDATA[]]></system-out>
  <system-err><![CDATA[]]></system-err>
</testsuite>
