<?xml version="1.0" encoding="UTF-8"?>
<testsuite name="org.apache.jmeter.protocol.tcp.sampler.TCPClientDecoratorTest" tests="3" skipped="0" failures="0" errors="0" timestamp="2020-04-13T04:23:06" hostname="DESKTOP-E34GR96" time="0.004">
  <properties/>
  <testcase name="testLoopBack()" classname="org.apache.jmeter.protocol.tcp.sampler.TCPClientDecoratorTest" time="0.001"/>
  <testcase name="testIntToByteArray()" classname="org.apache.jmeter.protocol.tcp.sampler.TCPClientDecoratorTest" time="0.001"/>
  <testcase name="testByteArrayToInt()" classname="org.apache.jmeter.protocol.tcp.sampler.TCPClientDecoratorTest" time="0.001"/>
  <system-out><![CDATA[]]></system-out>
  <system-err><![CDATA[]]></system-err>
</testsuite>
