<?xml version="1.0" encoding="UTF-8"?>
<testsuite name="org.apache.jmeter.protocol.jdbc.sampler.JDBCSamplerSpec" tests="15" skipped="0" failures="0" errors="0" timestamp="2020-04-13T04:22:40" hostname="DESKTOP-E34GR96" time="1.558">
  <properties/>
  <testcase name="applies matches SimpleConfigGui[0]" classname="org.apache.jmeter.protocol.jdbc.sampler.JDBCSamplerSpec" time="0.788"/>
  <testcase name="applies matches SimpleConfigGui[1]" classname="org.apache.jmeter.protocol.jdbc.sampler.JDBCSamplerSpec" time="0.0"/>
  <testcase name="execute with SELECT query" classname="org.apache.jmeter.protocol.jdbc.sampler.JDBCSamplerSpec" time="0.601"/>
  <testcase name="Catches SQLException during Connection closing" classname="org.apache.jmeter.protocol.jdbc.sampler.JDBCSamplerSpec" time="0.031"/>
  <testcase name="Catches SQLException during Statement closing" classname="org.apache.jmeter.protocol.jdbc.sampler.JDBCSamplerSpec" time="0.009"/>
  <testcase name="Catches SQLException during ResultSet closing" classname="org.apache.jmeter.protocol.jdbc.sampler.JDBCSamplerSpec" time="0.01"/>
  <testcase name="getIntegerQueryTimeout returns 0 from 0" classname="org.apache.jmeter.protocol.jdbc.sampler.JDBCSamplerSpec" time="0.015"/>
  <testcase name="getIntegerQueryTimeout returns 1 from 1" classname="org.apache.jmeter.protocol.jdbc.sampler.JDBCSamplerSpec" time="0.001"/>
  <testcase name="getIntegerQueryTimeout returns 2147483647 from 2147483647" classname="org.apache.jmeter.protocol.jdbc.sampler.JDBCSamplerSpec" time="0.0"/>
  <testcase name="getIntegerQueryTimeout returns -1 from -1" classname="org.apache.jmeter.protocol.jdbc.sampler.JDBCSamplerSpec" time="0.0"/>
  <testcase name="getIntegerQueryTimeout returns -2147483648 from -2147483648" classname="org.apache.jmeter.protocol.jdbc.sampler.JDBCSamplerSpec" time="0.001"/>
  <testcase name="getIntegerQueryTimeout returns 0 from 2147483648" classname="org.apache.jmeter.protocol.jdbc.sampler.JDBCSamplerSpec" time="0.0"/>
  <testcase name="getIntegerQueryTimeout returns 0 from -2147483649" classname="org.apache.jmeter.protocol.jdbc.sampler.JDBCSamplerSpec" time="0.0"/>
  <testcase name="getIntegerQueryTimeout returns 0 from nan" classname="org.apache.jmeter.protocol.jdbc.sampler.JDBCSamplerSpec" time="0.001"/>
  <testcase name="getIntegerQueryTimeout returns 0 from " classname="org.apache.jmeter.protocol.jdbc.sampler.JDBCSamplerSpec" time="0.001"/>
  <system-out><![CDATA[]]></system-out>
  <system-err><![CDATA[]]></system-err>
</testsuite>
