<?xml version="1.0" encoding="UTF-8"?>
<testsuite name="org.apache.jmeter.protocol.http.sampler.PackageTest" tests="1" skipped="0" failures="0" errors="0" timestamp="2020-04-13T04:22:57" hostname="DESKTOP-E34GR96" time="0.099">
  <properties/>
  <testcase name="testConfiguring()" classname="org.apache.jmeter.protocol.http.sampler.PackageTest" time="0.099"/>
  <system-out><![CDATA[]]></system-out>
  <system-err><![CDATA[]]></system-err>
</testsuite>
