<?xml version="1.0" encoding="UTF-8"?>
<testsuite name="org.apache.jmeter.protocol.http.util.TestHTTPFileArgs" tests="5" skipped="0" failures="0" errors="0" timestamp="2020-04-13T04:23:02" hostname="DESKTOP-E34GR96" time="0.003">
  <properties/>
  <testcase name="testToString()" classname="org.apache.jmeter.protocol.http.util.TestHTTPFileArgs" time="0.001"/>
  <testcase name="testConstructors()" classname="org.apache.jmeter.protocol.http.util.TestHTTPFileArgs" time="0.0"/>
  <testcase name="testSetHTTPFileArgs()" classname="org.apache.jmeter.protocol.http.util.TestHTTPFileArgs" time="0.001"/>
  <testcase name="testRemoving()" classname="org.apache.jmeter.protocol.http.util.TestHTTPFileArgs" time="0.0"/>
  <testcase name="testAdding()" classname="org.apache.jmeter.protocol.http.util.TestHTTPFileArgs" time="0.0"/>
  <system-out><![CDATA[]]></system-out>
  <system-err><![CDATA[]]></system-err>
</testsuite>
