<?xml version="1.0" encoding="UTF-8"?>
<testsuite name="org.apache.jmeter.protocol.http.sampler.TestSerializedHTTPSampler" tests="1" skipped="0" failures="0" errors="0" timestamp="2020-04-13T04:23:01" hostname="DESKTOP-E34GR96" time="0.849">
  <properties/>
  <testcase name="checkThatFilesAreReadRelativeToBaseDir()" classname="org.apache.jmeter.protocol.http.sampler.TestSerializedHTTPSampler" time="0.849"/>
  <system-out><![CDATA[]]></system-out>
  <system-err><![CDATA[]]></system-err>
</testsuite>
