<?xml version="1.0" encoding="UTF-8"?>
<testsuite name="org.apache.jmeter.protocol.http.util.accesslog.TestSessionFilter" tests="3" skipped="0" failures="0" errors="0" timestamp="2020-04-13T04:23:02" hostname="DESKTOP-E34GR96" time="0.019">
  <properties/>
  <testcase name="testGetCookieManagerLastUse()" classname="org.apache.jmeter.protocol.http.util.accesslog.TestSessionFilter" time="0.018"/>
  <testcase name="testGetCookieManager()" classname="org.apache.jmeter.protocol.http.util.accesslog.TestSessionFilter" time="0.001"/>
  <testcase name="testIsFiltered()" classname="org.apache.jmeter.protocol.http.util.accesslog.TestSessionFilter" time="0.0"/>
  <system-out><![CDATA[]]></system-out>
  <system-err><![CDATA[]]></system-err>
</testsuite>
