<?xml version="1.0" encoding="UTF-8"?>
<testsuite name="org.apache.jmeter.protocol.http.control.TestAuthManagerThreadIteration" tests="2" skipped="0" failures="0" errors="0" timestamp="2020-04-13T04:22:54" hostname="DESKTOP-E34GR96" time="0.003">
  <properties/>
  <testcase name="testJmeterVariableAuthorizationWhenThreadIterationIsADifferentUser()" classname="org.apache.jmeter.protocol.http.control.TestAuthManagerThreadIteration" time="0.002"/>
  <testcase name="testJmeterVariableAuthorizationWhenThreadIterationIsASameUser()" classname="org.apache.jmeter.protocol.http.control.TestAuthManagerThreadIteration" time="0.001"/>
  <system-out><![CDATA[]]></system-out>
  <system-err><![CDATA[]]></system-err>
</testsuite>
