<?xml version="1.0" encoding="UTF-8"?>
<testsuite name="org.apache.jmeter.protocol.http.control.TestAuthorization" tests="1" skipped="0" failures="0" errors="0" timestamp="2020-04-13T04:22:54" hostname="DESKTOP-E34GR96" time="0.124">
  <properties/>
  <testcase name="testToBasicHeader()" classname="org.apache.jmeter.protocol.http.control.TestAuthorization" time="0.124"/>
  <system-out><![CDATA[]]></system-out>
  <system-err><![CDATA[]]></system-err>
</testsuite>
