<?xml version="1.0" encoding="UTF-8"?>
<testsuite name="org.apache.jmeter.protocol.http.util.accesslog.TestLogFilter" tests="6" skipped="0" failures="0" errors="0" timestamp="2020-04-13T04:23:02" hostname="DESKTOP-E34GR96" time="0.007">
  <properties/>
  <testcase name="testExcludeFiles()" classname="org.apache.jmeter.protocol.http.util.accesslog.TestLogFilter" time="0.002"/>
  <testcase name="testConstruct()" classname="org.apache.jmeter.protocol.http.util.accesslog.TestLogFilter" time="0.0"/>
  <testcase name="testExcludePattern()" classname="org.apache.jmeter.protocol.http.util.accesslog.TestLogFilter" time="0.002"/>
  <testcase name="testIncludeFiles()" classname="org.apache.jmeter.protocol.http.util.accesslog.TestLogFilter" time="0.0"/>
  <testcase name="testReplaceExtension()" classname="org.apache.jmeter.protocol.http.util.accesslog.TestLogFilter" time="0.0"/>
  <testcase name="testIncludePattern()" classname="org.apache.jmeter.protocol.http.util.accesslog.TestLogFilter" time="0.0"/>
  <system-out><![CDATA[]]></system-out>
  <system-err><![CDATA[]]></system-err>
</testsuite>
