<?xml version="1.0" encoding="UTF-8"?>
<testsuite name="org.apache.jmeter.protocol.http.control.TestCacheManagerThreadIteration" tests="5" skipped="0" failures="0" errors="0" timestamp="2020-04-13T04:22:54" hostname="DESKTOP-E34GR96" time="0.086">
  <properties/>
  <testcase name="testCacheControlCleared()" classname="org.apache.jmeter.protocol.http.control.TestCacheManagerThreadIteration" time="0.002"/>
  <testcase name="testCacheManagerWhenThreadIterationIsANewUser()" classname="org.apache.jmeter.protocol.http.control.TestCacheManagerThreadIteration" time="0.001"/>
  <testcase name="testCacheManagerWhenThreadIterationIsSameUser()" classname="org.apache.jmeter.protocol.http.control.TestCacheManagerThreadIteration" time="0.008"/>
  <testcase name="testJmeterVariableCacheWhenThreadIterationIsANewUser()" classname="org.apache.jmeter.protocol.http.control.TestCacheManagerThreadIteration" time="0.038"/>
  <testcase name="testJmeterVariableWhenThreadIterationIsSameUser()" classname="org.apache.jmeter.protocol.http.control.TestCacheManagerThreadIteration" time="0.035"/>
  <system-out><![CDATA[]]></system-out>
  <system-err><![CDATA[]]></system-err>
</testsuite>
