<?xml version="1.0" encoding="UTF-8"?>
<testsuite name="org.apache.jmeter.protocol.http.control.gui.TestHttpTestSampleGui" tests="1" skipped="0" failures="0" errors="0" timestamp="2020-04-13T04:22:54" hostname="DESKTOP-E34GR96" time="0.085">
  <properties/>
  <testcase name="testCloneSampler()" classname="org.apache.jmeter.protocol.http.control.gui.TestHttpTestSampleGui" time="0.085"/>
  <system-out><![CDATA[]]></system-out>
  <system-err><![CDATA[]]></system-err>
</testsuite>
