<?xml version="1.0" encoding="UTF-8"?>
<testsuite name="org.apache.jmeter.protocol.http.parser.TestBaseParser" tests="2" skipped="0" failures="0" errors="0" timestamp="2020-04-13T04:22:55" hostname="DESKTOP-E34GR96" time="0.001">
  <properties/>
  <testcase name="testNotReusableCache()" classname="org.apache.jmeter.protocol.http.parser.TestBaseParser" time="0.001"/>
  <testcase name="testReusableCache()" classname="org.apache.jmeter.protocol.http.parser.TestBaseParser" time="0.0"/>
  <system-out><![CDATA[]]></system-out>
  <system-err><![CDATA[]]></system-err>
</testsuite>
