<?xml version="1.0" encoding="UTF-8"?>
<testsuite name="org.apache.jmeter.protocol.http.sampler.TestHTTPHC4Impl" tests="2" skipped="0" failures="0" errors="0" timestamp="2020-04-13T04:22:44" hostname="DESKTOP-E34GR96" time="1.559">
  <properties/>
  <testcase name="testNotifyFirstSampleAfterLoopRestartWhenThreadIterationIsSameUser()" classname="org.apache.jmeter.protocol.http.sampler.TestHTTPHC4Impl" time="1.466"/>
  <testcase name="testNotifyFirstSampleAfterLoopRestartWhenThreadIterationIsANewUser()" classname="org.apache.jmeter.protocol.http.sampler.TestHTTPHC4Impl" time="0.093"/>
  <system-out><![CDATA[]]></system-out>
  <system-err><![CDATA[]]></system-err>
</testsuite>
