<?xml version="1.0" encoding="UTF-8"?>
<testsuite name="org.apache.jmeter.protocol.http.util.accesslog.TestTCLogParser" tests="4" skipped="0" failures="0" errors="0" timestamp="2020-04-13T04:23:02" hostname="DESKTOP-E34GR96" time="0.002">
  <properties/>
  <testcase name="testcheckURL()" classname="org.apache.jmeter.protocol.http.util.accesslog.TestTCLogParser" time="0.001"/>
  <testcase name="testHEAD()" classname="org.apache.jmeter.protocol.http.util.accesslog.TestTCLogParser" time="0.0"/>
  <testcase name="testConstruct()" classname="org.apache.jmeter.protocol.http.util.accesslog.TestTCLogParser" time="0.0"/>
  <testcase name="testcleanURL()" classname="org.apache.jmeter.protocol.http.util.accesslog.TestTCLogParser" time="0.0"/>
  <system-out><![CDATA[]]></system-out>
  <system-err><![CDATA[]]></system-err>
</testsuite>
