<?xml version="1.0" encoding="UTF-8"?>
<testsuite name="org.apache.jmeter.protocol.http.sampler.PutWriterTest" tests="2" skipped="0" failures="0" errors="0" timestamp="2020-04-13T04:23:00" hostname="DESKTOP-E34GR96" time="0.001">
  <properties/>
  <testcase name="testSetHeadersWithParams()" classname="org.apache.jmeter.protocol.http.sampler.PutWriterTest" time="0.001"/>
  <testcase name="testSetHeadersWithNoParams()" classname="org.apache.jmeter.protocol.http.sampler.PutWriterTest" time="0.0"/>
  <system-out><![CDATA[]]></system-out>
  <system-err><![CDATA[]]></system-err>
</testsuite>
