<?xml version="1.0" encoding="UTF-8"?>
<testsuite name="org.apache.jmeter.curl.BasicCurlParserTest" tests="55" skipped="0" failures="0" errors="0" timestamp="2020-04-13T04:22:42" hostname="DESKTOP-E34GR96" time="1.158">
  <properties/>
  <testcase name="testChromeParsingNotCompressed()" classname="org.apache.jmeter.curl.BasicCurlParserTest" time="0.407"/>
  <testcase name="testDataUrlEncodeWith2AtSymbol()" classname="org.apache.jmeter.curl.BasicCurlParserTest" time="0.037"/>
  <testcase name="testLimitRate()" classname="org.apache.jmeter.curl.BasicCurlParserTest" time="0.003"/>
  <testcase name="testAuthMechanismIsBasic()" classname="org.apache.jmeter.curl.BasicCurlParserTest" time="0.003"/>
  <testcase name="testCookieInHeader()" classname="org.apache.jmeter.curl.BasicCurlParserTest" time="0.122"/>
  <testcase name="testIsValidCookie()" classname="org.apache.jmeter.curl.BasicCurlParserTest" time="0.004"/>
  <testcase name="testCertStatus()" classname="org.apache.jmeter.curl.BasicCurlParserTest" time="0.004"/>
  <testcase name="testConnectMax()" classname="org.apache.jmeter.curl.BasicCurlParserTest" time="0.003"/>
  <testcase name="testDataBinaryReadFromFile()" classname="org.apache.jmeter.curl.BasicCurlParserTest" time="0.006"/>
  <testcase name="testGet()" classname="org.apache.jmeter.curl.BasicCurlParserTest" time="0.003"/>
  <testcase name="testError()" classname="org.apache.jmeter.curl.BasicCurlParserTest" time="0.007"/>
  <testcase name="testProxy()" classname="org.apache.jmeter.curl.BasicCurlParserTest" time="0.006"/>
  <testcase name="testCert()" classname="org.apache.jmeter.curl.BasicCurlParserTest" time="0.032"/>
  <testcase name="testData()" classname="org.apache.jmeter.curl.BasicCurlParserTest" time="0.003"/>
  <testcase name="testForm()" classname="org.apache.jmeter.curl.BasicCurlParserTest" time="0.004"/>
  <testcase name="testHead()" classname="org.apache.jmeter.curl.BasicCurlParserTest" time="0.003"/>
  <testcase name="testPost()" classname="org.apache.jmeter.curl.BasicCurlParserTest" time="0.002"/>
  <testcase name="testDataReadFromNonexistentFile()" classname="org.apache.jmeter.curl.BasicCurlParserTest" time="0.003"/>
  <testcase name="testProxyUriIncorrectFormat()" classname="org.apache.jmeter.curl.BasicCurlParserTest" time="0.003"/>
  <testcase name="testFormString()" classname="org.apache.jmeter.curl.BasicCurlParserTest" time="0.003"/>
  <testcase name="testFFParsing()" classname="org.apache.jmeter.curl.BasicCurlParserTest" time="0.003"/>
  <testcase name="testStringtoCookie()" classname="org.apache.jmeter.curl.BasicCurlParserTest" time="0.003"/>
  <testcase name="testNotKeepAlive()" classname="org.apache.jmeter.curl.BasicCurlParserTest" time="0.003"/>
  <testcase name="testNoSupport()" classname="org.apache.jmeter.curl.BasicCurlParserTest" time="0.052"/>
  <testcase name="testDataUrlEncodeMoreThanOneParameters()" classname="org.apache.jmeter.curl.BasicCurlParserTest" time="0.002"/>
  <testcase name="testDataUrlEncodeOneParameterWithName()" classname="org.apache.jmeter.curl.BasicCurlParserTest" time="0.005"/>
  <testcase name="testMethodPut()" classname="org.apache.jmeter.curl.BasicCurlParserTest" time="0.005"/>
  <testcase name="testCertType()" classname="org.apache.jmeter.curl.BasicCurlParserTest" time="0.003"/>
  <testcase name="testDefaultAuthMechanism()" classname="org.apache.jmeter.curl.BasicCurlParserTest" time="0.003"/>
  <testcase name="testConfigureInProperties()" classname="org.apache.jmeter.curl.BasicCurlParserTest" time="0.003"/>
  <testcase name="testProxyUser()" classname="org.apache.jmeter.curl.BasicCurlParserTest" time="0.005"/>
  <testcase name="testDnsServer()" classname="org.apache.jmeter.curl.BasicCurlParserTest" time="0.005"/>
  <testcase name="testDataReadFromFile()" classname="org.apache.jmeter.curl.BasicCurlParserTest" time="0.073"/>
  <testcase name="testDataUrlEncodeFromFile()" classname="org.apache.jmeter.curl.BasicCurlParserTest" time="0.005"/>
  <testcase name="testResolver()" classname="org.apache.jmeter.curl.BasicCurlParserTest" time="0.013"/>
  <testcase name="testCiphers()" classname="org.apache.jmeter.curl.BasicCurlParserTest" time="0.005"/>
  <testcase name="testMaxTime()" classname="org.apache.jmeter.curl.BasicCurlParserTest" time="0.01"/>
  <testcase name="testProxyDefaultPort()" classname="org.apache.jmeter.curl.BasicCurlParserTest" time="0.003"/>
  <testcase name="testAuthorization()" classname="org.apache.jmeter.curl.BasicCurlParserTest" time="0.009"/>
  <testcase name="testReferer()" classname="org.apache.jmeter.curl.BasicCurlParserTest" time="0.005"/>
  <testcase name="testUserAgent()" classname="org.apache.jmeter.curl.BasicCurlParserTest" time="0.004"/>
  <testcase name="testInterface()" classname="org.apache.jmeter.curl.BasicCurlParserTest" time="0.08"/>
  <testcase name="testCacert()" classname="org.apache.jmeter.curl.BasicCurlParserTest" time="0.003"/>
  <testcase name="testCapath()" classname="org.apache.jmeter.curl.BasicCurlParserTest" time="0.003"/>
  <testcase name="testCookie()" classname="org.apache.jmeter.curl.BasicCurlParserTest" time="0.004"/>
  <testcase name="testChromeParsing()" classname="org.apache.jmeter.curl.BasicCurlParserTest" time="0.003"/>
  <testcase name="testIgnoreOptions()" classname="org.apache.jmeter.curl.BasicCurlParserTest" time="0.003"/>
  <testcase name="testNoproxy()" classname="org.apache.jmeter.curl.BasicCurlParserTest" time="0.003"/>
  <testcase name="testAuthorizationMechanismIsDigest()" classname="org.apache.jmeter.curl.BasicCurlParserTest" time="0.003"/>
  <testcase name="testDataUrlEncodeOneParameterWithoutName()" classname="org.apache.jmeter.curl.BasicCurlParserTest" time="0.003"/>
  <testcase name="testNullCommand()" classname="org.apache.jmeter.curl.BasicCurlParserTest" time="0.003"/>
  <testcase name="testChromeParsingNoHeaders()" classname="org.apache.jmeter.curl.BasicCurlParserTest" time="0.005"/>
  <testcase name="testCookieFromFile()" classname="org.apache.jmeter.curl.BasicCurlParserTest" time="0.107"/>
  <testcase name="testDoubleQuote()" classname="org.apache.jmeter.curl.BasicCurlParserTest" time="0.003"/>
  <testcase name="testUnbalancedQuotes()" classname="org.apache.jmeter.curl.BasicCurlParserTest" time="0.004"/>
  <system-out><![CDATA[]]></system-out>
  <system-err><![CDATA[]]></system-err>
</testsuite>
