<?xml version="1.0" encoding="UTF-8"?>
<testsuite name="org.apache.jmeter.protocol.http.parser.TestHTMLParser" tests="103" skipped="0" failures="0" errors="0" timestamp="2020-04-13T04:23:04" hostname="DESKTOP-E34GR96" time="0.837">
  <properties/>
  <testcase name="testDefaultParser 0 null" classname="org.apache.jmeter.protocol.http.parser.TestHTMLParser" time="0.0"/>
  <testcase name="testParserDefault 0 null" classname="org.apache.jmeter.protocol.http.parser.TestHTMLParser" time="0.0"/>
  <testcase name="testParserMissing 0 null" classname="org.apache.jmeter.protocol.http.parser.TestHTMLParser" time="0.001"/>
  <testcase name="testNotParser 0 null" classname="org.apache.jmeter.protocol.http.parser.TestHTMLParser" time="0.001"/>
  <testcase name="testNotCreatable 0 null" classname="org.apache.jmeter.protocol.http.parser.TestHTMLParser" time="0.001"/>
  <testcase name="testNotCreatableStatic 0 null" classname="org.apache.jmeter.protocol.http.parser.TestHTMLParser" time="0.001"/>
  <testcase name="testParserProperty 0 org.apache.jmeter.protocol.http.parser.JTidyHTMLParser" classname="org.apache.jmeter.protocol.http.parser.TestHTMLParser" time="0.002"/>
  <testcase name="testParserSet 0 org.apache.jmeter.protocol.http.parser.JTidyHTMLParser" classname="org.apache.jmeter.protocol.http.parser.TestHTMLParser" time="0.006"/>
  <testcase name="testParserList 0 org.apache.jmeter.protocol.http.parser.JTidyHTMLParser" classname="org.apache.jmeter.protocol.http.parser.TestHTMLParser" time="0.003"/>
  <testcase name="testParserSet 1 org.apache.jmeter.protocol.http.parser.JTidyHTMLParser" classname="org.apache.jmeter.protocol.http.parser.TestHTMLParser" time="0.005"/>
  <testcase name="testParserList 1 org.apache.jmeter.protocol.http.parser.JTidyHTMLParser" classname="org.apache.jmeter.protocol.http.parser.TestHTMLParser" time="0.002"/>
  <testcase name="testParserSet 2 org.apache.jmeter.protocol.http.parser.JTidyHTMLParser" classname="org.apache.jmeter.protocol.http.parser.TestHTMLParser" time="0.016"/>
  <testcase name="testParserList 2 org.apache.jmeter.protocol.http.parser.JTidyHTMLParser" classname="org.apache.jmeter.protocol.http.parser.TestHTMLParser" time="0.004"/>
  <testcase name="testParserSet 3 org.apache.jmeter.protocol.http.parser.JTidyHTMLParser" classname="org.apache.jmeter.protocol.http.parser.TestHTMLParser" time="0.002"/>
  <testcase name="testParserList 3 org.apache.jmeter.protocol.http.parser.JTidyHTMLParser" classname="org.apache.jmeter.protocol.http.parser.TestHTMLParser" time="0.006"/>
  <testcase name="testParserSet 4 org.apache.jmeter.protocol.http.parser.JTidyHTMLParser" classname="org.apache.jmeter.protocol.http.parser.TestHTMLParser" time="0.003"/>
  <testcase name="testParserList 4 org.apache.jmeter.protocol.http.parser.JTidyHTMLParser" classname="org.apache.jmeter.protocol.http.parser.TestHTMLParser" time="0.001"/>
  <testcase name="testParserSet 5 org.apache.jmeter.protocol.http.parser.JTidyHTMLParser" classname="org.apache.jmeter.protocol.http.parser.TestHTMLParser" time="0.002"/>
  <testcase name="testParserList 5 org.apache.jmeter.protocol.http.parser.JTidyHTMLParser" classname="org.apache.jmeter.protocol.http.parser.TestHTMLParser" time="0.001"/>
  <testcase name="testParserSet 6 org.apache.jmeter.protocol.http.parser.JTidyHTMLParser" classname="org.apache.jmeter.protocol.http.parser.TestHTMLParser" time="0.003"/>
  <testcase name="testParserList 6 org.apache.jmeter.protocol.http.parser.JTidyHTMLParser" classname="org.apache.jmeter.protocol.http.parser.TestHTMLParser" time="0.004"/>
  <testcase name="testParserSet 7 org.apache.jmeter.protocol.http.parser.JTidyHTMLParser" classname="org.apache.jmeter.protocol.http.parser.TestHTMLParser" time="0.011"/>
  <testcase name="testParserList 7 org.apache.jmeter.protocol.http.parser.JTidyHTMLParser" classname="org.apache.jmeter.protocol.http.parser.TestHTMLParser" time="0.013"/>
  <testcase name="testParserSet 8 org.apache.jmeter.protocol.http.parser.JTidyHTMLParser" classname="org.apache.jmeter.protocol.http.parser.TestHTMLParser" time="0.003"/>
  <testcase name="testParserList 8 org.apache.jmeter.protocol.http.parser.JTidyHTMLParser" classname="org.apache.jmeter.protocol.http.parser.TestHTMLParser" time="0.002"/>
  <testcase name="testParserSet 9 org.apache.jmeter.protocol.http.parser.JTidyHTMLParser" classname="org.apache.jmeter.protocol.http.parser.TestHTMLParser" time="0.035"/>
  <testcase name="testParserList 9 org.apache.jmeter.protocol.http.parser.JTidyHTMLParser" classname="org.apache.jmeter.protocol.http.parser.TestHTMLParser" time="0.013"/>
  <testcase name="testParserProperty 0 org.apache.jmeter.protocol.http.parser.RegexpHTMLParser" classname="org.apache.jmeter.protocol.http.parser.TestHTMLParser" time="0.003"/>
  <testcase name="testParserSet 0 org.apache.jmeter.protocol.http.parser.RegexpHTMLParser" classname="org.apache.jmeter.protocol.http.parser.TestHTMLParser" time="0.004"/>
  <testcase name="testParserList 0 org.apache.jmeter.protocol.http.parser.RegexpHTMLParser" classname="org.apache.jmeter.protocol.http.parser.TestHTMLParser" time="0.003"/>
  <testcase name="testParserSet 1 org.apache.jmeter.protocol.http.parser.RegexpHTMLParser" classname="org.apache.jmeter.protocol.http.parser.TestHTMLParser" time="0.002"/>
  <testcase name="testParserList 1 org.apache.jmeter.protocol.http.parser.RegexpHTMLParser" classname="org.apache.jmeter.protocol.http.parser.TestHTMLParser" time="0.002"/>
  <testcase name="testParserSet 2 org.apache.jmeter.protocol.http.parser.RegexpHTMLParser" classname="org.apache.jmeter.protocol.http.parser.TestHTMLParser" time="0.003"/>
  <testcase name="testParserList 2 org.apache.jmeter.protocol.http.parser.RegexpHTMLParser" classname="org.apache.jmeter.protocol.http.parser.TestHTMLParser" time="0.003"/>
  <testcase name="testParserSet 3 org.apache.jmeter.protocol.http.parser.RegexpHTMLParser" classname="org.apache.jmeter.protocol.http.parser.TestHTMLParser" time="0.002"/>
  <testcase name="testParserList 3 org.apache.jmeter.protocol.http.parser.RegexpHTMLParser" classname="org.apache.jmeter.protocol.http.parser.TestHTMLParser" time="0.003"/>
  <testcase name="testParserSet 4 org.apache.jmeter.protocol.http.parser.RegexpHTMLParser" classname="org.apache.jmeter.protocol.http.parser.TestHTMLParser" time="0.001"/>
  <testcase name="testParserList 4 org.apache.jmeter.protocol.http.parser.RegexpHTMLParser" classname="org.apache.jmeter.protocol.http.parser.TestHTMLParser" time="0.0"/>
  <testcase name="testParserSet 5 org.apache.jmeter.protocol.http.parser.RegexpHTMLParser" classname="org.apache.jmeter.protocol.http.parser.TestHTMLParser" time="0.007"/>
  <testcase name="testParserList 5 org.apache.jmeter.protocol.http.parser.RegexpHTMLParser" classname="org.apache.jmeter.protocol.http.parser.TestHTMLParser" time="0.041"/>
  <testcase name="testParserSet 6 org.apache.jmeter.protocol.http.parser.RegexpHTMLParser" classname="org.apache.jmeter.protocol.http.parser.TestHTMLParser" time="0.008"/>
  <testcase name="testParserList 6 org.apache.jmeter.protocol.http.parser.RegexpHTMLParser" classname="org.apache.jmeter.protocol.http.parser.TestHTMLParser" time="0.002"/>
  <testcase name="testParserSet 7 org.apache.jmeter.protocol.http.parser.RegexpHTMLParser" classname="org.apache.jmeter.protocol.http.parser.TestHTMLParser" time="0.002"/>
  <testcase name="testParserList 7 org.apache.jmeter.protocol.http.parser.RegexpHTMLParser" classname="org.apache.jmeter.protocol.http.parser.TestHTMLParser" time="0.002"/>
  <testcase name="testParserSet 8 org.apache.jmeter.protocol.http.parser.RegexpHTMLParser" classname="org.apache.jmeter.protocol.http.parser.TestHTMLParser" time="0.002"/>
  <testcase name="testParserList 8 org.apache.jmeter.protocol.http.parser.RegexpHTMLParser" classname="org.apache.jmeter.protocol.http.parser.TestHTMLParser" time="0.003"/>
  <testcase name="testParserSet 9 org.apache.jmeter.protocol.http.parser.RegexpHTMLParser" classname="org.apache.jmeter.protocol.http.parser.TestHTMLParser" time="0.008"/>
  <testcase name="testParserList 9 org.apache.jmeter.protocol.http.parser.RegexpHTMLParser" classname="org.apache.jmeter.protocol.http.parser.TestHTMLParser" time="0.017"/>
  <testcase name="testParserProperty 0 org.apache.jmeter.protocol.http.parser.LagartoBasedHtmlParser" classname="org.apache.jmeter.protocol.http.parser.TestHTMLParser" time="0.001"/>
  <testcase name="testParserSet 0 org.apache.jmeter.protocol.http.parser.LagartoBasedHtmlParser" classname="org.apache.jmeter.protocol.http.parser.TestHTMLParser" time="0.038"/>
  <testcase name="testParserList 0 org.apache.jmeter.protocol.http.parser.LagartoBasedHtmlParser" classname="org.apache.jmeter.protocol.http.parser.TestHTMLParser" time="0.002"/>
  <testcase name="testParserSet 1 org.apache.jmeter.protocol.http.parser.LagartoBasedHtmlParser" classname="org.apache.jmeter.protocol.http.parser.TestHTMLParser" time="0.002"/>
  <testcase name="testParserList 1 org.apache.jmeter.protocol.http.parser.LagartoBasedHtmlParser" classname="org.apache.jmeter.protocol.http.parser.TestHTMLParser" time="0.003"/>
  <testcase name="testParserSet 2 org.apache.jmeter.protocol.http.parser.LagartoBasedHtmlParser" classname="org.apache.jmeter.protocol.http.parser.TestHTMLParser" time="0.003"/>
  <testcase name="testParserList 2 org.apache.jmeter.protocol.http.parser.LagartoBasedHtmlParser" classname="org.apache.jmeter.protocol.http.parser.TestHTMLParser" time="0.003"/>
  <testcase name="testParserSet 3 org.apache.jmeter.protocol.http.parser.LagartoBasedHtmlParser" classname="org.apache.jmeter.protocol.http.parser.TestHTMLParser" time="0.002"/>
  <testcase name="testParserList 3 org.apache.jmeter.protocol.http.parser.LagartoBasedHtmlParser" classname="org.apache.jmeter.protocol.http.parser.TestHTMLParser" time="0.002"/>
  <testcase name="testParserSet 4 org.apache.jmeter.protocol.http.parser.LagartoBasedHtmlParser" classname="org.apache.jmeter.protocol.http.parser.TestHTMLParser" time="0.001"/>
  <testcase name="testParserList 4 org.apache.jmeter.protocol.http.parser.LagartoBasedHtmlParser" classname="org.apache.jmeter.protocol.http.parser.TestHTMLParser" time="0.001"/>
  <testcase name="testParserSet 5 org.apache.jmeter.protocol.http.parser.LagartoBasedHtmlParser" classname="org.apache.jmeter.protocol.http.parser.TestHTMLParser" time="0.001"/>
  <testcase name="testParserList 5 org.apache.jmeter.protocol.http.parser.LagartoBasedHtmlParser" classname="org.apache.jmeter.protocol.http.parser.TestHTMLParser" time="0.001"/>
  <testcase name="testParserSet 6 org.apache.jmeter.protocol.http.parser.LagartoBasedHtmlParser" classname="org.apache.jmeter.protocol.http.parser.TestHTMLParser" time="0.002"/>
  <testcase name="testParserList 6 org.apache.jmeter.protocol.http.parser.LagartoBasedHtmlParser" classname="org.apache.jmeter.protocol.http.parser.TestHTMLParser" time="0.002"/>
  <testcase name="testParserSet 7 org.apache.jmeter.protocol.http.parser.LagartoBasedHtmlParser" classname="org.apache.jmeter.protocol.http.parser.TestHTMLParser" time="0.002"/>
  <testcase name="testParserList 7 org.apache.jmeter.protocol.http.parser.LagartoBasedHtmlParser" classname="org.apache.jmeter.protocol.http.parser.TestHTMLParser" time="0.002"/>
  <testcase name="testParserSet 8 org.apache.jmeter.protocol.http.parser.LagartoBasedHtmlParser" classname="org.apache.jmeter.protocol.http.parser.TestHTMLParser" time="0.003"/>
  <testcase name="testParserList 8 org.apache.jmeter.protocol.http.parser.LagartoBasedHtmlParser" classname="org.apache.jmeter.protocol.http.parser.TestHTMLParser" time="0.002"/>
  <testcase name="testParserSet 9 org.apache.jmeter.protocol.http.parser.LagartoBasedHtmlParser" classname="org.apache.jmeter.protocol.http.parser.TestHTMLParser" time="0.004"/>
  <testcase name="testParserList 9 org.apache.jmeter.protocol.http.parser.LagartoBasedHtmlParser" classname="org.apache.jmeter.protocol.http.parser.TestHTMLParser" time="0.004"/>
  <testcase name="testParserProperty 0 org.apache.jmeter.protocol.http.parser.JsoupBasedHtmlParser" classname="org.apache.jmeter.protocol.http.parser.TestHTMLParser" time="0.0"/>
  <testcase name="testParserSet 0 org.apache.jmeter.protocol.http.parser.JsoupBasedHtmlParser" classname="org.apache.jmeter.protocol.http.parser.TestHTMLParser" time="0.02"/>
  <testcase name="testParserList 0 org.apache.jmeter.protocol.http.parser.JsoupBasedHtmlParser" classname="org.apache.jmeter.protocol.http.parser.TestHTMLParser" time="0.011"/>
  <testcase name="testParserSet 1 org.apache.jmeter.protocol.http.parser.JsoupBasedHtmlParser" classname="org.apache.jmeter.protocol.http.parser.TestHTMLParser" time="0.006"/>
  <testcase name="testParserList 1 org.apache.jmeter.protocol.http.parser.JsoupBasedHtmlParser" classname="org.apache.jmeter.protocol.http.parser.TestHTMLParser" time="0.003"/>
  <testcase name="testParserSet 2 org.apache.jmeter.protocol.http.parser.JsoupBasedHtmlParser" classname="org.apache.jmeter.protocol.http.parser.TestHTMLParser" time="0.002"/>
  <testcase name="testParserList 2 org.apache.jmeter.protocol.http.parser.JsoupBasedHtmlParser" classname="org.apache.jmeter.protocol.http.parser.TestHTMLParser" time="0.003"/>
  <testcase name="testParserSet 3 org.apache.jmeter.protocol.http.parser.JsoupBasedHtmlParser" classname="org.apache.jmeter.protocol.http.parser.TestHTMLParser" time="0.003"/>
  <testcase name="testParserList 3 org.apache.jmeter.protocol.http.parser.JsoupBasedHtmlParser" classname="org.apache.jmeter.protocol.http.parser.TestHTMLParser" time="0.002"/>
  <testcase name="testParserSet 4 org.apache.jmeter.protocol.http.parser.JsoupBasedHtmlParser" classname="org.apache.jmeter.protocol.http.parser.TestHTMLParser" time="0.001"/>
  <testcase name="testParserList 4 org.apache.jmeter.protocol.http.parser.JsoupBasedHtmlParser" classname="org.apache.jmeter.protocol.http.parser.TestHTMLParser" time="0.001"/>
  <testcase name="testParserSet 5 org.apache.jmeter.protocol.http.parser.JsoupBasedHtmlParser" classname="org.apache.jmeter.protocol.http.parser.TestHTMLParser" time="0.001"/>
  <testcase name="testParserList 5 org.apache.jmeter.protocol.http.parser.JsoupBasedHtmlParser" classname="org.apache.jmeter.protocol.http.parser.TestHTMLParser" time="0.002"/>
  <testcase name="testParserSet 6 org.apache.jmeter.protocol.http.parser.JsoupBasedHtmlParser" classname="org.apache.jmeter.protocol.http.parser.TestHTMLParser" time="0.006"/>
  <testcase name="testParserList 6 org.apache.jmeter.protocol.http.parser.JsoupBasedHtmlParser" classname="org.apache.jmeter.protocol.http.parser.TestHTMLParser" time="0.003"/>
  <testcase name="testParserSet 7 org.apache.jmeter.protocol.http.parser.JsoupBasedHtmlParser" classname="org.apache.jmeter.protocol.http.parser.TestHTMLParser" time="0.007"/>
  <testcase name="testParserList 7 org.apache.jmeter.protocol.http.parser.JsoupBasedHtmlParser" classname="org.apache.jmeter.protocol.http.parser.TestHTMLParser" time="0.003"/>
  <testcase name="testParserSet 8 org.apache.jmeter.protocol.http.parser.JsoupBasedHtmlParser" classname="org.apache.jmeter.protocol.http.parser.TestHTMLParser" time="0.002"/>
  <testcase name="testParserList 8 org.apache.jmeter.protocol.http.parser.JsoupBasedHtmlParser" classname="org.apache.jmeter.protocol.http.parser.TestHTMLParser" time="0.003"/>
  <testcase name="testParserSet 9 org.apache.jmeter.protocol.http.parser.JsoupBasedHtmlParser" classname="org.apache.jmeter.protocol.http.parser.TestHTMLParser" time="0.085"/>
  <testcase name="testParserList 9 org.apache.jmeter.protocol.http.parser.JsoupBasedHtmlParser" classname="org.apache.jmeter.protocol.http.parser.TestHTMLParser" time="0.008"/>
  <testcase name="testSpecificParserList 0 org.apache.jmeter.protocol.http.parser.LagartoBasedHtmlParser" classname="org.apache.jmeter.protocol.http.parser.TestHTMLParser" time="0.002"/>
  <testcase name="testSpecificParserList 1 org.apache.jmeter.protocol.http.parser.LagartoBasedHtmlParser" classname="org.apache.jmeter.protocol.http.parser.TestHTMLParser" time="0.004"/>
  <testcase name="testSpecificParserList 2 org.apache.jmeter.protocol.http.parser.LagartoBasedHtmlParser" classname="org.apache.jmeter.protocol.http.parser.TestHTMLParser" time="0.003"/>
  <testcase name="testSpecificParserList 3 org.apache.jmeter.protocol.http.parser.LagartoBasedHtmlParser" classname="org.apache.jmeter.protocol.http.parser.TestHTMLParser" time="0.002"/>
  <testcase name="testSpecificParserList 4 org.apache.jmeter.protocol.http.parser.LagartoBasedHtmlParser" classname="org.apache.jmeter.protocol.http.parser.TestHTMLParser" time="0.002"/>
  <testcase name="testSpecificParserList 5 org.apache.jmeter.protocol.http.parser.LagartoBasedHtmlParser" classname="org.apache.jmeter.protocol.http.parser.TestHTMLParser" time="0.004"/>
  <testcase name="testSpecificParserList 6 org.apache.jmeter.protocol.http.parser.LagartoBasedHtmlParser" classname="org.apache.jmeter.protocol.http.parser.TestHTMLParser" time="0.002"/>
  <testcase name="testSpecificParserList 7 org.apache.jmeter.protocol.http.parser.LagartoBasedHtmlParser" classname="org.apache.jmeter.protocol.http.parser.TestHTMLParser" time="0.003"/>
  <testcase name="testSpecificParserList 8 org.apache.jmeter.protocol.http.parser.LagartoBasedHtmlParser" classname="org.apache.jmeter.protocol.http.parser.TestHTMLParser" time="0.002"/>
  <testcase name="testSpecificParserList 9 org.apache.jmeter.protocol.http.parser.LagartoBasedHtmlParser" classname="org.apache.jmeter.protocol.http.parser.TestHTMLParser" time="0.002"/>
  <testcase name="testSpecificParserList 10 org.apache.jmeter.protocol.http.parser.LagartoBasedHtmlParser" classname="org.apache.jmeter.protocol.http.parser.TestHTMLParser" time="0.002"/>
  <testcase name="testSpecificParserList 11 org.apache.jmeter.protocol.http.parser.LagartoBasedHtmlParser" classname="org.apache.jmeter.protocol.http.parser.TestHTMLParser" time="0.002"/>
  <testcase name="testSpecificParserList 12 org.apache.jmeter.protocol.http.parser.LagartoBasedHtmlParser" classname="org.apache.jmeter.protocol.http.parser.TestHTMLParser" time="0.002"/>
  <system-out><![CDATA[]]></system-out>
  <system-err><![CDATA[]]></system-err>
</testsuite>
