<?xml version="1.0" encoding="UTF-8"?>
<testsuite name="org.apache.jmeter.protocol.http.parser.TestCssParser" tests="4" skipped="0" failures="0" errors="0" timestamp="2020-04-13T04:22:56" hostname="DESKTOP-E34GR96" time="0.841">
  <properties/>
  <testcase name="testIsReusable()" classname="org.apache.jmeter.protocol.http.parser.TestCssParser" time="0.0"/>
  <testcase name="testGetEmbeddedResourceURLsNoUrls()" classname="org.apache.jmeter.protocol.http.parser.TestCssParser" time="0.491"/>
  <testcase name="testGetEmbeddedResourceURLsnOneUrl()" classname="org.apache.jmeter.protocol.http.parser.TestCssParser" time="0.344"/>
  <testcase name="testExtractUrlsFromBrokenData()" classname="org.apache.jmeter.protocol.http.parser.TestCssParser" time="0.003"/>
  <system-out><![CDATA[]]></system-out>
  <system-err><![CDATA[]]></system-err>
</testsuite>
