<?xml version="1.0" encoding="UTF-8"?>
<testsuite name="org.apache.jmeter.protocol.http.visualizers.RequestViewHTTPTest" tests="14" skipped="0" failures="0" errors="0" timestamp="2020-04-13T04:23:02" hostname="DESKTOP-E34GR96" time="3.286">
  <properties/>
  <testcase name="testGetQueryMapBug52491()" classname="org.apache.jmeter.protocol.http.visualizers.RequestViewHTTPTest" time="0.006"/>
  <testcase name="testGetQueryMapBug54055()" classname="org.apache.jmeter.protocol.http.visualizers.RequestViewHTTPTest" time="0.0"/>
  <testcase name="testGetQueryMapAmpInValue()" classname="org.apache.jmeter.protocol.http.visualizers.RequestViewHTTPTest" time="0.0"/>
  <testcase name="testGetQueryMapWithEmptyValue()" classname="org.apache.jmeter.protocol.http.visualizers.RequestViewHTTPTest" time="0.0"/>
  <testcase name="testGetQueryMapMultipleValues()" classname="org.apache.jmeter.protocol.http.visualizers.RequestViewHTTPTest" time="0.0"/>
  <testcase name="testGetQueryMapSoapHack()" classname="org.apache.jmeter.protocol.http.visualizers.RequestViewHTTPTest" time="0.001"/>
  <testcase name="testGetQueryMapValueContainingAmpersand()" classname="org.apache.jmeter.protocol.http.visualizers.RequestViewHTTPTest" time="0.0"/>
  <testcase name="testGetQueryMapBug52491" classname="org.apache.jmeter.protocol.http.visualizers.RequestViewHTTPTest" time="0.0"/>
  <testcase name="testGetQueryMapBug54055" classname="org.apache.jmeter.protocol.http.visualizers.RequestViewHTTPTest" time="0.0"/>
  <testcase name="testGetQueryMapAmpInValue" classname="org.apache.jmeter.protocol.http.visualizers.RequestViewHTTPTest" time="0.0"/>
  <testcase name="testGetQueryMapWithEmptyValue" classname="org.apache.jmeter.protocol.http.visualizers.RequestViewHTTPTest" time="0.0"/>
  <testcase name="testGetQueryMapMultipleValues" classname="org.apache.jmeter.protocol.http.visualizers.RequestViewHTTPTest" time="0.0"/>
  <testcase name="testGetQueryMapSoapHack" classname="org.apache.jmeter.protocol.http.visualizers.RequestViewHTTPTest" time="0.0"/>
  <testcase name="testGetQueryMapValueContainingAmpersand" classname="org.apache.jmeter.protocol.http.visualizers.RequestViewHTTPTest" time="0.0"/>
  <system-out><![CDATA[]]></system-out>
  <system-err><![CDATA[]]></system-err>
</testsuite>
