<?xml version="1.0" encoding="UTF-8"?>
<testsuite name="org.apache.jmeter.protocol.http.proxy.TestHttpRequestHdr" tests="10" skipped="0" failures="0" errors="0" timestamp="2020-04-13T04:22:42" hostname="DESKTOP-E34GR96" time="1.021">
  <properties/>
  <testcase name="testParse2()" classname="org.apache.jmeter.protocol.http.proxy.TestHttpRequestHdr" time="0.298"/>
  <testcase name="testParse1()" classname="org.apache.jmeter.protocol.http.proxy.TestHttpRequestHdr" time="0.002"/>
  <testcase name="testEncodedArgumentsIPv6()" classname="org.apache.jmeter.protocol.http.proxy.TestHttpRequestHdr" time="0.332"/>
  <testcase name="testGetRequestEncodingsIPv6()" classname="org.apache.jmeter.protocol.http.proxy.TestHttpRequestHdr" time="0.01"/>
  <testcase name="testGetRequestEncodings()" classname="org.apache.jmeter.protocol.http.proxy.TestHttpRequestHdr" time="0.058"/>
  <testcase name="testEncodedArguments()" classname="org.apache.jmeter.protocol.http.proxy.TestHttpRequestHdr" time="0.01"/>
  <testcase name="testPostMultipartFileUpload()" classname="org.apache.jmeter.protocol.http.proxy.TestHttpRequestHdr" time="0.088"/>
  <testcase name="testPostRequestEncodings()" classname="org.apache.jmeter.protocol.http.proxy.TestHttpRequestHdr" time="0.055"/>
  <testcase name="testRepeatedArguments()" classname="org.apache.jmeter.protocol.http.proxy.TestHttpRequestHdr" time="0.122"/>
  <testcase name="testPostMultipartFormData()" classname="org.apache.jmeter.protocol.http.proxy.TestHttpRequestHdr" time="0.025"/>
  <system-out><![CDATA[]]></system-out>
  <system-err><![CDATA[]]></system-err>
</testsuite>
