<?xml version="1.0" encoding="UTF-8"?>
<testsuite name="org.apache.jmeter.functions.TestSetProperty" tests="3" skipped="0" failures="0" errors="0" timestamp="2020-04-13T04:22:22" hostname="DESKTOP-E34GR96" time="0.011">
  <properties/>
  <testcase name="testSetPropertyWithReturn()" classname="org.apache.jmeter.functions.TestSetProperty" time="0.005"/>
  <testcase name="testParameterCount()" classname="org.apache.jmeter.functions.TestSetProperty" time="0.004"/>
  <testcase name="testSetPropertyNoReturn()" classname="org.apache.jmeter.functions.TestSetProperty" time="0.001"/>
  <system-out><![CDATA[]]></system-out>
  <system-err><![CDATA[]]></system-err>
</testsuite>
