<?xml version="1.0" encoding="UTF-8"?>
<testsuite name="org.apache.jmeter.functions.TestChangeCase" tests="8" skipped="0" failures="0" errors="0" timestamp="2020-04-13T04:22:18" hostname="DESKTOP-E34GR96" time="0.043">
  <properties/>
  <testcase name="testChangeCaseWrongModeIgnore()" classname="org.apache.jmeter.functions.TestChangeCase" time="0.026"/>
  <testcase name="testChangeCaseWrongMode()" classname="org.apache.jmeter.functions.TestChangeCase" time="0.001"/>
  <testcase name="testEmptyMode()" classname="org.apache.jmeter.functions.TestChangeCase" time="0.001"/>
  <testcase name="testChangeCaseCapitalize()" classname="org.apache.jmeter.functions.TestChangeCase" time="0.001"/>
  <testcase name="testChangeCaseError()" classname="org.apache.jmeter.functions.TestChangeCase" time="0.002"/>
  <testcase name="testChangeCaseLower()" classname="org.apache.jmeter.functions.TestChangeCase" time="0.002"/>
  <testcase name="testChangeCase()" classname="org.apache.jmeter.functions.TestChangeCase" time="0.002"/>
  <testcase name="testParameterCountIsPropDefined()" classname="org.apache.jmeter.functions.TestChangeCase" time="0.001"/>
  <system-out><![CDATA[]]></system-out>
  <system-err><![CDATA[]]></system-err>
</testsuite>
