<?xml version="1.0" encoding="UTF-8"?>
<testsuite name="org.apache.jmeter.functions.CSVReadFunctionTest" tests="6" skipped="0" failures="0" errors="0" timestamp="2020-04-13T04:22:17" hostname="DESKTOP-E34GR96" time="0.394">
  <properties/>
  <testcase name="testCSVParamsFail()" classname="org.apache.jmeter.functions.CSVReadFunctionTest" time="0.084"/>
  <testcase name="testCSValias()" classname="org.apache.jmeter.functions.CSVReadFunctionTest" time="0.06"/>
  <testcase name="CSVBlankLine(Path)" classname="org.apache.jmeter.functions.CSVReadFunctionTest" time="0.012"/>
  <testcase name="CSVRun()" classname="org.apache.jmeter.functions.CSVReadFunctionTest" time="0.004"/>
  <testcase name="concurrentRequestsToSameCsv()" classname="org.apache.jmeter.functions.CSVReadFunctionTest" time="0.226"/>
  <testcase name="testCSVNoFile()" classname="org.apache.jmeter.functions.CSVReadFunctionTest" time="0.004"/>
  <system-out><![CDATA[]]></system-out>
  <system-err><![CDATA[]]></system-err>
</testsuite>
