<?xml version="1.0" encoding="UTF-8"?>
<testsuite name="org.apache.jmeter.functions.TestIsPropDefined" tests="5" skipped="0" failures="0" errors="0" timestamp="2020-04-13T04:22:20" hostname="DESKTOP-E34GR96" time="0.004">
  <properties/>
  <testcase name="testIsPropDefined()" classname="org.apache.jmeter.functions.TestIsPropDefined" time="0.001"/>
  <testcase name="testIsPropNotDefinedOnlyVarDefined()" classname="org.apache.jmeter.functions.TestIsPropDefined" time="0.0"/>
  <testcase name="testIsPropDefinedError()" classname="org.apache.jmeter.functions.TestIsPropDefined" time="0.001"/>
  <testcase name="testIsPropNotDefined()" classname="org.apache.jmeter.functions.TestIsPropDefined" time="0.0"/>
  <testcase name="testParameterCountIsPropDefined()" classname="org.apache.jmeter.functions.TestIsPropDefined" time="0.0"/>
  <system-out><![CDATA[]]></system-out>
  <system-err><![CDATA[]]></system-err>
</testsuite>
