<?xml version="1.0" encoding="UTF-8"?>
<testsuite name="org.apache.jmeter.functions.VariableTest" tests="1" skipped="0" failures="0" errors="0" timestamp="2020-04-13T04:22:23" hostname="DESKTOP-E34GR96" time="0.002">
  <properties/>
  <testcase name="variableTest1()" classname="org.apache.jmeter.functions.VariableTest" time="0.002"/>
  <system-out><![CDATA[]]></system-out>
  <system-err><![CDATA[]]></system-err>
</testsuite>
