<?xml version="1.0" encoding="UTF-8"?>
<testsuite name="org.apache.jmeter.functions.TestRandomFromMultipleVars" tests="4" skipped="0" failures="0" errors="0" timestamp="2020-04-13T04:22:22" hostname="DESKTOP-E34GR96" time="0.019">
  <properties/>
  <testcase name="test1ExtractionWithOutputVar()" classname="org.apache.jmeter.functions.TestRandomFromMultipleVars" time="0.002"/>
  <testcase name="test1Extraction()" classname="org.apache.jmeter.functions.TestRandomFromMultipleVars" time="0.001"/>
  <testcase name="testExtractionFromMultipleVars()" classname="org.apache.jmeter.functions.TestRandomFromMultipleVars" time="0.014"/>
  <testcase name="testParameterCount()" classname="org.apache.jmeter.functions.TestRandomFromMultipleVars" time="0.001"/>
  <system-out><![CDATA[]]></system-out>
  <system-err><![CDATA[]]></system-err>
</testsuite>
