<?xml version="1.0" encoding="UTF-8"?>
<testsuite name="org.apache.jmeter.functions.SplitFunctionTest" tests="1" skipped="0" failures="0" errors="0" timestamp="2020-04-13T04:22:18" hostname="DESKTOP-E34GR96" time="0.004">
  <properties/>
  <testcase name="splitTest1()" classname="org.apache.jmeter.functions.SplitFunctionTest" time="0.004"/>
  <system-out><![CDATA[]]></system-out>
  <system-err><![CDATA[]]></system-err>
</testsuite>
