<?xml version="1.0" encoding="UTF-8"?>
<testsuite name="org.apache.jmeter.functions.SumFunctionTest" tests="1" skipped="0" failures="0" errors="0" timestamp="2020-04-13T04:22:18" hostname="DESKTOP-E34GR96" time="0.003">
  <properties/>
  <testcase name="sumTest()" classname="org.apache.jmeter.functions.SumFunctionTest" time="0.003"/>
  <system-out><![CDATA[]]></system-out>
  <system-err><![CDATA[]]></system-err>
</testsuite>
