<?xml version="1.0" encoding="UTF-8"?>
<testsuite name="org.apache.jmeter.functions.EvalFunctionTest" tests="2" skipped="0" failures="0" errors="0" timestamp="2020-04-13T04:22:18" hostname="DESKTOP-E34GR96" time="0.01">
  <properties/>
  <testcase name="evalTest1()" classname="org.apache.jmeter.functions.EvalFunctionTest" time="0.006"/>
  <testcase name="evalTest2()" classname="org.apache.jmeter.functions.EvalFunctionTest" time="0.003"/>
  <system-out><![CDATA[]]></system-out>
  <system-err><![CDATA[]]></system-err>
</testsuite>
