<?xml version="1.0" encoding="UTF-8"?>
<testsuite name="org.apache.jmeter.functions.TestStringtoFile" tests="15" skipped="0" failures="0" errors="0" timestamp="2020-04-13T04:22:22" hostname="DESKTOP-E34GR96" time="0.152">
  <properties/>
  <testcase name="testWriteToFileWhenDirectoryDoesntExist()" classname="org.apache.jmeter.functions.TestStringtoFile" time="0.015"/>
  <testcase name="testWriteToFileRequiredFilePathIsNull()" classname="org.apache.jmeter.functions.TestStringtoFile" time="0.002"/>
  <testcase name="testWriteToFileIOException(Path)" classname="org.apache.jmeter.functions.TestStringtoFile" time="0.008"/>
  <testcase name="testWriteToFileEncodingNotLegal(Path)" classname="org.apache.jmeter.functions.TestStringtoFile" time="0.033"/>
  <testcase name="testLineBreak(Path)" classname="org.apache.jmeter.functions.TestStringtoFile" time="0.006"/>
  <testcase name="testWriteToFileRequiredStringIsNull(Path)" classname="org.apache.jmeter.functions.TestStringtoFile" time="0.005"/>
  <testcase name="testWriteToFileEncodingNotSupported(Path)" classname="org.apache.jmeter.functions.TestStringtoFile" time="0.018"/>
  <testcase name="testParameterCount()" classname="org.apache.jmeter.functions.TestStringtoFile" time="0.003"/>
  <testcase name="testOverwrite(Path)" classname="org.apache.jmeter.functions.TestStringtoFile" time="0.013"/>
  <testcase name="testWriteToFileWhenDirectoryExist(Path)" classname="org.apache.jmeter.functions.TestStringtoFile" time="0.005"/>
  <testcase name="testWriteToFileOptParamWayToWriteIsNull(Path)" classname="org.apache.jmeter.functions.TestStringtoFile" time="0.008"/>
  <testcase name="testWriteToFile(Path)" classname="org.apache.jmeter.functions.TestStringtoFile" time="0.006"/>
  <testcase name="testAppend(Path)" classname="org.apache.jmeter.functions.TestStringtoFile" time="0.006"/>
  <testcase name="testWriteToFileOptParamEncodingIsNull(Path)" classname="org.apache.jmeter.functions.TestStringtoFile" time="0.005"/>
  <testcase name="testDescription()" classname="org.apache.jmeter.functions.TestStringtoFile" time="0.001"/>
  <system-out><![CDATA[]]></system-out>
  <system-err><![CDATA[]]></system-err>
</testsuite>
