<?xml version="1.0" encoding="UTF-8"?>
<testsuite name="org.apache.jmeter.functions.TestTimeRandomDateFunction" tests="14" skipped="0" failures="0" errors="0" timestamp="2020-04-13T04:22:22" hostname="DESKTOP-E34GR96" time="0.146">
  <properties/>
  <testcase name="testInvalidStartDateFormat()" classname="org.apache.jmeter.functions.TestTimeRandomDateFunction" time="0.091"/>
  <testcase name="testInvalidEndDateFormat()" classname="org.apache.jmeter.functions.TestTimeRandomDateFunction" time="0.002"/>
  <testcase name="testEndDateBeforeStartDateNullVariable()" classname="org.apache.jmeter.functions.TestTimeRandomDateFunction" time="0.013"/>
  <testcase name="testFormatDate()" classname="org.apache.jmeter.functions.TestTimeRandomDateFunction" time="0.001"/>
  <testcase name="testEndDateBeforeStartDate()" classname="org.apache.jmeter.functions.TestTimeRandomDateFunction" time="0.001"/>
  <testcase name="testParameterCount()" classname="org.apache.jmeter.functions.TestTimeRandomDateFunction" time="0.0"/>
  <testcase name="testInvalidFormat()" classname="org.apache.jmeter.functions.TestTimeRandomDateFunction" time="0.002"/>
  <testcase name="testFormatDate2()" classname="org.apache.jmeter.functions.TestTimeRandomDateFunction" time="0.003"/>
  <testcase name="testFormatDate3()" classname="org.apache.jmeter.functions.TestTimeRandomDateFunction" time="0.009"/>
  <testcase name="testFrenchFormatDate()" classname="org.apache.jmeter.functions.TestTimeRandomDateFunction" time="0.007"/>
  <testcase name="testDefault()" classname="org.apache.jmeter.functions.TestTimeRandomDateFunction" time="0.001"/>
  <testcase name="testDefault2()" classname="org.apache.jmeter.functions.TestTimeRandomDateFunction" time="0.001"/>
  <testcase name="testEndDateBeforeStartDateWithVariable()" classname="org.apache.jmeter.functions.TestTimeRandomDateFunction" time="0.002"/>
  <testcase name="testEmptyFormatDate()" classname="org.apache.jmeter.functions.TestTimeRandomDateFunction" time="0.002"/>
  <system-out><![CDATA[]]></system-out>
  <system-err><![CDATA[]]></system-err>
</testsuite>
