<?xml version="1.0" encoding="UTF-8"?>
<testsuite name="org.apache.jmeter.functions.TestIsVarDefined" tests="6" skipped="0" failures="0" errors="0" timestamp="2020-04-13T04:22:20" hostname="DESKTOP-E34GR96" time="0.011">
  <properties/>
  <testcase name="testIsVarDefined()" classname="org.apache.jmeter.functions.TestIsVarDefined" time="0.001"/>
  <testcase name="testIsVarNotDefinedOnlyPropDefined()" classname="org.apache.jmeter.functions.TestIsVarDefined" time="0.0"/>
  <testcase name="testIsVarDefinedError()" classname="org.apache.jmeter.functions.TestIsVarDefined" time="0.001"/>
  <testcase name="testNoVariablesDefined()" classname="org.apache.jmeter.functions.TestIsVarDefined" time="0.0"/>
  <testcase name="testIsVarNotDefined()" classname="org.apache.jmeter.functions.TestIsVarDefined" time="0.001"/>
  <testcase name="testParameterCountIsPropDefined()" classname="org.apache.jmeter.functions.TestIsVarDefined" time="0.001"/>
  <system-out><![CDATA[]]></system-out>
  <system-err><![CDATA[]]></system-err>
</testsuite>
