<?xml version="1.0" encoding="UTF-8"?>
<testsuite name="org.apache.jmeter.functions.TestJavascriptFunctionWithRhino" tests="5" skipped="0" failures="0" errors="0" timestamp="2020-04-13T04:22:21" hostname="DESKTOP-E34GR96" time="0.475">
  <properties/>
  <testcase name="testSum()" classname="org.apache.jmeter.functions.TestJavascriptFunctionWithRhino" time="0.433"/>
  <testcase name="testParameterCount()" classname="org.apache.jmeter.functions.TestJavascriptFunctionWithRhino" time="0.004"/>
  <testcase name="testReplace1()" classname="org.apache.jmeter.functions.TestJavascriptFunctionWithRhino" time="0.025"/>
  <testcase name="testReplace2()" classname="org.apache.jmeter.functions.TestJavascriptFunctionWithRhino" time="0.005"/>
  <testcase name="testSumVar()" classname="org.apache.jmeter.functions.TestJavascriptFunctionWithRhino" time="0.004"/>
  <system-out><![CDATA[]]></system-out>
  <system-err><![CDATA[]]></system-err>
</testsuite>
