<?xml version="1.0" encoding="UTF-8"?>
<testsuite name="org.apache.jmeter.functions.XPathConcurrencyTest" tests="6" skipped="5" failures="0" errors="0" timestamp="2020-04-13T04:22:23" hostname="DESKTOP-E34GR96" time="1.142">
  <properties/>
  <testcase name="concurrentRequestsToSameXPath(ReferenceEquality)[1]" classname="org.apache.jmeter.functions.XPathConcurrencyTest" time="1.107"/>
  <testcase name="concurrentRequestsToSameXPath(ReferenceEquality)[2]" classname="org.apache.jmeter.functions.XPathConcurrencyTest" time="0.019">
    <skipped/>
  </testcase>
  <testcase name="concurrentRequestsToSameXPath(ReferenceEquality)[3]" classname="org.apache.jmeter.functions.XPathConcurrencyTest" time="0.001">
    <skipped/>
  </testcase>
  <testcase name="concurrentRequestsToSameXPath(ReferenceEquality)[4]" classname="org.apache.jmeter.functions.XPathConcurrencyTest" time="0.001">
    <skipped/>
  </testcase>
  <testcase name="concurrentRequestsToSameXPath(ReferenceEquality)[5]" classname="org.apache.jmeter.functions.XPathConcurrencyTest" time="0.001">
    <skipped/>
  </testcase>
  <testcase name="concurrentRequestsToSameXPath(ReferenceEquality)[6]" classname="org.apache.jmeter.functions.XPathConcurrencyTest" time="0.001">
    <skipped/>
  </testcase>
  <system-out><![CDATA[]]></system-out>
  <system-err><![CDATA[]]></system-err>
</testsuite>
