<?xml version="1.0" encoding="UTF-8"?>
<testsuite name="org.apache.jmeter.functions.PackageTest" tests="10" skipped="0" failures="0" errors="0" timestamp="2020-04-13T04:22:24" hostname="DESKTOP-E34GR96" time="1.01">
  <properties/>
  <testcase name="BSH1" classname="org.apache.jmeter.functions.PackageTest" time="0.875"/>
  <testcase name="XPathtestColumns" classname="org.apache.jmeter.functions.PackageTest" time="0.007"/>
  <testcase name="XPathtestDefault" classname="org.apache.jmeter.functions.PackageTest" time="0.007"/>
  <testcase name="XPathtestNull" classname="org.apache.jmeter.functions.PackageTest" time="0.0"/>
  <testcase name="XPathtestrowNum" classname="org.apache.jmeter.functions.PackageTest" time="0.009"/>
  <testcase name="XPathEmpty" classname="org.apache.jmeter.functions.PackageTest" time="0.003"/>
  <testcase name="XPathFile" classname="org.apache.jmeter.functions.PackageTest" time="0.05"/>
  <testcase name="XPathFile1" classname="org.apache.jmeter.functions.PackageTest" time="0.008"/>
  <testcase name="XPathFile2" classname="org.apache.jmeter.functions.PackageTest" time="0.017"/>
  <testcase name="XPathNoFile" classname="org.apache.jmeter.functions.PackageTest" time="0.028"/>
  <system-out><![CDATA[]]></system-out>
  <system-err><![CDATA[]]></system-err>
</testsuite>
