<?xml version="1.0" encoding="UTF-8"?>
<testsuite name="org.apache.jmeter.functions.TestMachineIPName" tests="5" skipped="0" failures="0" errors="0" timestamp="2020-04-13T04:22:22" hostname="DESKTOP-E34GR96" time="0.022">
  <properties/>
  <testcase name="testMachineNameWithVar()" classname="org.apache.jmeter.functions.TestMachineIPName" time="0.018"/>
  <testcase name="testMachineName()" classname="org.apache.jmeter.functions.TestMachineIPName" time="0.001"/>
  <testcase name="testMachineIP()" classname="org.apache.jmeter.functions.TestMachineIPName" time="0.001"/>
  <testcase name="testParameterCount()" classname="org.apache.jmeter.functions.TestMachineIPName" time="0.001"/>
  <testcase name="testMachineIPWithVar()" classname="org.apache.jmeter.functions.TestMachineIPName" time="0.001"/>
  <system-out><![CDATA[]]></system-out>
  <system-err><![CDATA[]]></system-err>
</testsuite>
