<?xml version="1.0" encoding="UTF-8"?>
<testsuite name="org.apache.jmeter.functions.IterationCounterSpec" tests="2" skipped="0" failures="0" errors="0" timestamp="2020-04-13T04:22:27" hostname="DESKTOP-E34GR96" time="1.561">
  <properties/>
  <testcase name="Counter per thread counts for each thread" classname="org.apache.jmeter.functions.IterationCounterSpec" time="0.266"/>
  <testcase name="global Counter counts for all threads" classname="org.apache.jmeter.functions.IterationCounterSpec" time="1.295"/>
  <system-out><![CDATA[]]></system-out>
  <system-err><![CDATA[]]></system-err>
</testsuite>
