<?xml version="1.0" encoding="UTF-8"?>
<testsuite name="org.apache.jmeter.functions.TestJavascriptFunction" tests="5" skipped="0" failures="0" errors="0" timestamp="2020-04-13T04:22:20" hostname="DESKTOP-E34GR96" time="0.987">
  <properties/>
  <testcase name="testSum()" classname="org.apache.jmeter.functions.TestJavascriptFunction" time="0.726"/>
  <testcase name="testParameterCount()" classname="org.apache.jmeter.functions.TestJavascriptFunction" time="0.01"/>
  <testcase name="testReplace1()" classname="org.apache.jmeter.functions.TestJavascriptFunction" time="0.152"/>
  <testcase name="testReplace2()" classname="org.apache.jmeter.functions.TestJavascriptFunction" time="0.076"/>
  <testcase name="testSumVar()" classname="org.apache.jmeter.functions.TestJavascriptFunction" time="0.022"/>
  <system-out><![CDATA[]]></system-out>
  <system-err><![CDATA[]]></system-err>
</testsuite>
