<?xml version="1.0" encoding="UTF-8"?>
<testsuite name="org.apache.jmeter.functions.TestJexl2Function" tests="6" skipped="0" failures="0" errors="0" timestamp="2020-04-13T04:22:21" hostname="DESKTOP-E34GR96" time="0.193">
  <properties/>
  <testcase name="testSum()" classname="org.apache.jmeter.functions.TestJexl2Function" time="0.16"/>
  <testcase name="testParameterCount()" classname="org.apache.jmeter.functions.TestJexl2Function" time="0.001"/>
  <testcase name="testReplace1()" classname="org.apache.jmeter.functions.TestJexl2Function" time="0.019"/>
  <testcase name="testReplace2()" classname="org.apache.jmeter.functions.TestJexl2Function" time="0.004"/>
  <testcase name="testSumWithVar()" classname="org.apache.jmeter.functions.TestJexl2Function" time="0.004"/>
  <testcase name="testSumVar()" classname="org.apache.jmeter.functions.TestJexl2Function" time="0.002"/>
  <system-out><![CDATA[]]></system-out>
  <system-err><![CDATA[]]></system-err>
</testsuite>
