<?xml version="1.0" encoding="UTF-8"?>
<testsuite name="org.apache.jmeter.functions.TestGroovyFunction" tests="7" skipped="0" failures="0" errors="0" timestamp="2020-04-13T04:22:18" hostname="DESKTOP-E34GR96" time="1.69">
  <properties/>
  <testcase name="testSum()" classname="org.apache.jmeter.functions.TestGroovyFunction" time="1.083"/>
  <testcase name="testInvalidFileLoading()" classname="org.apache.jmeter.functions.TestGroovyFunction" time="0.021"/>
  <testcase name="testParameterCount()" classname="org.apache.jmeter.functions.TestGroovyFunction" time="0.006"/>
  <testcase name="testReplace1()" classname="org.apache.jmeter.functions.TestGroovyFunction" time="0.106"/>
  <testcase name="testReplace2()" classname="org.apache.jmeter.functions.TestGroovyFunction" time="0.07"/>
  <testcase name="testFileLoading()" classname="org.apache.jmeter.functions.TestGroovyFunction" time="0.363"/>
  <testcase name="testSumVar()" classname="org.apache.jmeter.functions.TestGroovyFunction" time="0.035"/>
  <system-out><![CDATA[]]></system-out>
  <system-err><![CDATA[]]></system-err>
</testsuite>
