<?xml version="1.0" encoding="UTF-8"?>
<testsuite name="org.apache.jmeter.functions.TestTimeShiftFunction" tests="11" skipped="0" failures="0" errors="0" timestamp="2020-04-13T04:22:22" hostname="DESKTOP-E34GR96" time="0.116">
  <properties/>
  <testcase name="testDatePlusOneDayInVariable()" classname="org.apache.jmeter.functions.TestTimeShiftFunction" time="0.008"/>
  <testcase name="testNowWithComplexPeriod()" classname="org.apache.jmeter.functions.TestTimeShiftFunction" time="0.016"/>
  <testcase name="testRandomPeriod()" classname="org.apache.jmeter.functions.TestTimeShiftFunction" time="0.023"/>
  <testcase name="testNowPlusOneDay()" classname="org.apache.jmeter.functions.TestTimeShiftFunction" time="0.027"/>
  <testcase name="testNowPlusOneDayWithLocale()" classname="org.apache.jmeter.functions.TestTimeShiftFunction" time="0.011"/>
  <testcase name="testDatePlusOneDay()" classname="org.apache.jmeter.functions.TestTimeShiftFunction" time="0.001"/>
  <testcase name="testWrongAmountToAdd()" classname="org.apache.jmeter.functions.TestTimeShiftFunction" time="0.01"/>
  <testcase name="testDefault()" classname="org.apache.jmeter.functions.TestTimeShiftFunction" time="0.0"/>
  <testcase name="testDatePlusComplexPeriod()" classname="org.apache.jmeter.functions.TestTimeShiftFunction" time="0.001"/>
  <testcase name="testPotentialBugWithComplexPeriod()" classname="org.apache.jmeter.functions.TestTimeShiftFunction" time="0.005"/>
  <testcase name="testWrongFormatDate()" classname="org.apache.jmeter.functions.TestTimeShiftFunction" time="0.004"/>
  <system-out><![CDATA[]]></system-out>
  <system-err><![CDATA[]]></system-err>
</testsuite>
