<?xml version="1.0" encoding="UTF-8"?>
<testsuite name="org.apache.jmeter.testelement.property.AbstractPropertyTest" tests="6" skipped="0" failures="0" errors="0" timestamp="2020-04-13T04:21:48" hostname="DESKTOP-E34GR96" time="0.013">
  <properties/>
  <testcase name="testNormalizeListWithEmptyList()" classname="org.apache.jmeter.testelement.property.AbstractPropertyTest" time="0.003"/>
  <testcase name="testNormalizeMapWithFilledHashMap()" classname="org.apache.jmeter.testelement.property.AbstractPropertyTest" time="0.002"/>
  <testcase name="testNormalizeListWithFilledArrayList()" classname="org.apache.jmeter.testelement.property.AbstractPropertyTest" time="0.0"/>
  <testcase name="testNormalizeListWithEmptyMap()" classname="org.apache.jmeter.testelement.property.AbstractPropertyTest" time="0.001"/>
  <testcase name="testNormalizeMapWithEmptyHashMap()" classname="org.apache.jmeter.testelement.property.AbstractPropertyTest" time="0.003"/>
  <testcase name="testNormalizeListWithEmptyArrayList()" classname="org.apache.jmeter.testelement.property.AbstractPropertyTest" time="0.0"/>
  <system-out><![CDATA[]]></system-out>
  <system-err><![CDATA[]]></system-err>
</testsuite>
