<?xml version="1.0" encoding="UTF-8"?>
<testsuite name="org.apache.jmeter.report.dashboard.ApdexPerTransactionTest" tests="7" skipped="0" failures="0" errors="0" timestamp="2020-04-13T04:21:43" hostname="DESKTOP-E34GR96" time="0.054">
  <properties/>
  <testcase name="testSampleNameMatching()" classname="org.apache.jmeter.report.dashboard.ApdexPerTransactionTest" time="0.012"/>
  <testcase name="testGetApdexPerTransactionNoValue()" classname="org.apache.jmeter.report.dashboard.ApdexPerTransactionTest" time="0.002"/>
  <testcase name="testgetApdexPerTransactionProperty()" classname="org.apache.jmeter.report.dashboard.ApdexPerTransactionTest" time="0.018"/>
  <testcase name="testgetApdexPerTransactionPropertySimple()" classname="org.apache.jmeter.report.dashboard.ApdexPerTransactionTest" time="0.002"/>
  <testcase name="testGetApdexPerTransactionParts()" classname="org.apache.jmeter.report.dashboard.ApdexPerTransactionTest" time="0.014"/>
  <testcase name="testGetApdexPerTransactionPartsOneCustomization()" classname="org.apache.jmeter.report.dashboard.ApdexPerTransactionTest" time="0.0"/>
  <testcase name="testGetApdexPerTransactionWrongFormat()" classname="org.apache.jmeter.report.dashboard.ApdexPerTransactionTest" time="0.0"/>
  <system-out><![CDATA[]]></system-out>
  <system-err><![CDATA[]]></system-err>
</testsuite>
