<?xml version="1.0" encoding="UTF-8"?>
<testsuite name="org.apache.jmeter.util.PackageTest" tests="1" skipped="0" failures="0" errors="0" timestamp="2020-04-13T04:21:49" hostname="DESKTOP-E34GR96" time="0.005">
  <properties/>
  <testcase name="testServer()" classname="org.apache.jmeter.util.PackageTest" time="0.005"/>
  <system-out><![CDATA[]]></system-out>
  <system-err><![CDATA[]]></system-err>
</testsuite>
