<?xml version="1.0" encoding="UTF-8"?>
<testsuite name="org.apache.jmeter.report.processor.FieldSampleComparatorSpec" tests="3" skipped="0" failures="0" errors="0" timestamp="2020-04-13T04:21:54" hostname="DESKTOP-E34GR96" time="0.013">
  <properties/>
  <testcase name="testCompare" classname="org.apache.jmeter.report.processor.FieldSampleComparatorSpec" time="0.011"/>
  <testcase name="initialize ensures correct column is compared" classname="org.apache.jmeter.report.processor.FieldSampleComparatorSpec" time="0.001"/>
  <testcase name="Incorrectly uses first column if initialize isn't called" classname="org.apache.jmeter.report.processor.FieldSampleComparatorSpec" time="0.001"/>
  <system-out><![CDATA[]]></system-out>
  <system-err><![CDATA[]]></system-err>
</testsuite>
