<?xml version="1.0" encoding="UTF-8"?>
<testsuite name="org.apache.jmeter.testbeans.gui.TestBooleanPropertyEditor" tests="2" skipped="0" failures="0" errors="0" timestamp="2020-04-13T04:21:48" hostname="DESKTOP-E34GR96" time="0.004">
  <properties/>
  <testcase name="testBooleanPropertyEditor()" classname="org.apache.jmeter.testbeans.gui.TestBooleanPropertyEditor" time="0.002"/>
  <testcase name="testBooleanEditor()" classname="org.apache.jmeter.testbeans.gui.TestBooleanPropertyEditor" time="0.002"/>
  <system-out><![CDATA[]]></system-out>
  <system-err><![CDATA[]]></system-err>
</testsuite>
