<?xml version="1.0" encoding="UTF-8"?>
<testsuite name="org.apache.jmeter.report.processor.graph.impl.CustomGraphConsumerTest" tests="6" skipped="0" failures="0" errors="0" timestamp="2020-04-13T04:21:43" hostname="DESKTOP-E34GR96" time="0.022">
  <properties/>
  <testcase name="testSelectMetric()" classname="org.apache.jmeter.report.processor.graph.impl.CustomGraphConsumerTest" time="0.01"/>
  <testcase name="testGetters()" classname="org.apache.jmeter.report.processor.graph.impl.CustomGraphConsumerTest" time="0.0"/>
  <testcase name="testCreateTimeStampKeysSelector()" classname="org.apache.jmeter.report.processor.graph.impl.CustomGraphConsumerTest" time="0.001"/>
  <testcase name="testCreateGroupInfosExceptions()" classname="org.apache.jmeter.report.processor.graph.impl.CustomGraphConsumerTest" time="0.003"/>
  <testcase name="testInitializeExtraResults()" classname="org.apache.jmeter.report.processor.graph.impl.CustomGraphConsumerTest" time="0.003"/>
  <testcase name="testCreateGroupInfos()" classname="org.apache.jmeter.report.processor.graph.impl.CustomGraphConsumerTest" time="0.001"/>
  <system-out><![CDATA[]]></system-out>
  <system-err><![CDATA[]]></system-err>
</testsuite>
