<?xml version="1.0" encoding="UTF-8"?>
<testsuite name="org.apache.jorphan.reflect.TestFunctor" tests="6" skipped="0" failures="0" errors="0" timestamp="2020-04-13T04:21:51" hostname="DESKTOP-E34GR96" time="0.013">
  <properties/>
  <testcase name="testClass()" classname="org.apache.jorphan.reflect.TestFunctor" time="0.002"/>
  <testcase name="testName()" classname="org.apache.jorphan.reflect.TestFunctor" time="0.001"/>
  <testcase name="testObjectName()" classname="org.apache.jorphan.reflect.TestFunctor" time="0.001"/>
  <testcase name="testIllegalState()" classname="org.apache.jorphan.reflect.TestFunctor" time="0.0"/>
  <testcase name="testBadParameters()" classname="org.apache.jorphan.reflect.TestFunctor" time="0.002"/>
  <testcase name="testNameTypes()" classname="org.apache.jorphan.reflect.TestFunctor" time="0.0"/>
  <system-out><![CDATA[]]></system-out>
  <system-err><![CDATA[]]></system-err>
</testsuite>
