<?xml version="1.0" encoding="UTF-8"?>
<testsuite name="org.apache.jmeter.report.processor.ErrorsSummaryConsumerTest" tests="2" skipped="0" failures="0" errors="0" timestamp="2020-04-13T04:21:43" hostname="DESKTOP-E34GR96" time="0.062">
  <properties/>
  <testcase name="testGetErrorKey()" classname="org.apache.jmeter.report.processor.ErrorsSummaryConsumerTest" time="0.054"/>
  <testcase name="testErrorSampleCounter()" classname="org.apache.jmeter.report.processor.ErrorsSummaryConsumerTest" time="0.007"/>
  <system-out><![CDATA[]]></system-out>
  <system-err><![CDATA[]]></system-err>
</testsuite>
