<?xml version="1.0" encoding="UTF-8"?>
<testsuite name="org.apache.jmeter.save.TestCSVSaveService" tests="11" skipped="0" failures="0" errors="0" timestamp="2020-04-13T04:21:48" hostname="DESKTOP-E34GR96" time="0.013">
  <properties/>
  <testcase name="testBlankLine()" classname="org.apache.jmeter.save.TestCSVSaveService" time="0.001"/>
  <testcase name="testSplitBadQuote()" classname="org.apache.jmeter.save.TestCSVSaveService" time="0.001"/>
  <testcase name="testShortFile()" classname="org.apache.jmeter.save.TestCSVSaveService" time="0.001"/>
  <testcase name="testSplitMultiLine()" classname="org.apache.jmeter.save.TestCSVSaveService" time="0.0"/>
  <testcase name="testSplitEmpty()" classname="org.apache.jmeter.save.TestCSVSaveService" time="0.001"/>
  <testcase name="testEmptyFile()" classname="org.apache.jmeter.save.TestCSVSaveService" time="0.0"/>
  <testcase name="testBlankLineQuoted()" classname="org.apache.jmeter.save.TestCSVSaveService" time="0.0"/>
  <testcase name="testSplitUnquoted()" classname="org.apache.jmeter.save.TestCSVSaveService" time="0.0"/>
  <testcase name="testSplitQuoted()" classname="org.apache.jmeter.save.TestCSVSaveService" time="0.0"/>
  <testcase name="testHeader()" classname="org.apache.jmeter.save.TestCSVSaveService" time="0.001"/>
  <testcase name="testSample()" classname="org.apache.jmeter.save.TestCSVSaveService" time="0.003"/>
  <system-out><![CDATA[]]></system-out>
  <system-err><![CDATA[]]></system-err>
</testsuite>
