<?xml version="1.0" encoding="UTF-8"?>
<testsuite name="org.apache.jmeter.testelement.TestNumberProperty" tests="5" skipped="0" failures="0" errors="0" timestamp="2020-04-13T04:21:48" hostname="DESKTOP-E34GR96" time="0.002">
  <properties/>
  <testcase name="testCompareToPositive()" classname="org.apache.jmeter.testelement.TestNumberProperty" time="0.0"/>
  <testcase name="testCompareToNegative()" classname="org.apache.jmeter.testelement.TestNumberProperty" time="0.0"/>
  <testcase name="testCompareToMinMax()" classname="org.apache.jmeter.testelement.TestNumberProperty" time="0.0"/>
  <testcase name="testDZeroCompareToDZero()" classname="org.apache.jmeter.testelement.TestNumberProperty" time="0.0"/>
  <testcase name="testIZeroCompareToDZero()" classname="org.apache.jmeter.testelement.TestNumberProperty" time="0.0"/>
  <system-out><![CDATA[]]></system-out>
  <system-err><![CDATA[]]></system-err>
</testsuite>
