<?xml version="1.0" encoding="UTF-8"?>
<testsuite name="org.apache.jmeter.util.TestJMeterUtils" tests="3" skipped="0" failures="0" errors="0" timestamp="2020-04-13T04:21:49" hostname="DESKTOP-E34GR96" time="0.022">
  <properties/>
  <testcase name="testGesResStringDefaultWithNonExistantKey()" classname="org.apache.jmeter.util.TestJMeterUtils" time="0.002"/>
  <testcase name="testGetResourceFileAsText()" classname="org.apache.jmeter.util.TestJMeterUtils" time="0.002"/>
  <testcase name="testGetResourceFileAsTextWithMisingResource()" classname="org.apache.jmeter.util.TestJMeterUtils" time="0.001"/>
  <system-out><![CDATA[]]></system-out>
  <system-err><![CDATA[]]></system-err>
</testsuite>
