<?xml version="1.0" encoding="UTF-8"?>
<testsuite name="org.apache.jmeter.engine.util.TestValueReplacer" tests="10" skipped="0" failures="0" errors="0" timestamp="2020-04-13T04:21:40" hostname="DESKTOP-E34GR96" time="0.129">
  <properties/>
  <testcase name="testPartialWordMatchesWithoutParens()" classname="org.apache.jmeter.engine.util.TestValueReplacer" time="0.07"/>
  <testcase name="testPartialWordMatchesWithParens()" classname="org.apache.jmeter.engine.util.TestValueReplacer" time="0.003"/>
  <testcase name="testReverseReplacement()" classname="org.apache.jmeter.engine.util.TestValueReplacer" time="0.002"/>
  <testcase name="testReplaceStringWithBackslash()" classname="org.apache.jmeter.engine.util.TestValueReplacer" time="0.004"/>
  <testcase name="testReverseReplacementXml()" classname="org.apache.jmeter.engine.util.TestValueReplacer" time="0.002"/>
  <testcase name="testReplaceFunctionWithBackslash()" classname="org.apache.jmeter.engine.util.TestValueReplacer" time="0.002"/>
  <testcase name="testReplace()" classname="org.apache.jmeter.engine.util.TestValueReplacer" time="0.001"/>
  <testcase name="testCompleteWordMatchesWithoutParens()" classname="org.apache.jmeter.engine.util.TestValueReplacer" time="0.001"/>
  <testcase name="testCompleteWordMatchesWithParens()" classname="org.apache.jmeter.engine.util.TestValueReplacer" time="0.021"/>
  <testcase name="testOverlappingMatches()" classname="org.apache.jmeter.engine.util.TestValueReplacer" time="0.009"/>
  <system-out><![CDATA[]]></system-out>
  <system-err><![CDATA[]]></system-err>
</testsuite>
