<?xml version="1.0" encoding="UTF-8"?>
<testsuite name="org.apache.jmeter.report.processor.graph.impl.ResponseTimePercentilesOverTimeGraphConsumerSpec" tests="2" skipped="0" failures="0" errors="0" timestamp="2020-04-13T04:21:54" hostname="DESKTOP-E34GR96" time="0.261">
  <properties/>
  <testcase name="GroupInfos have only the required keys" classname="org.apache.jmeter.report.processor.graph.impl.ResponseTimePercentilesOverTimeGraphConsumerSpec" time="0.074"/>
  <testcase name="GroupInfos have the expected settings" classname="org.apache.jmeter.report.processor.graph.impl.ResponseTimePercentilesOverTimeGraphConsumerSpec" time="0.187"/>
  <system-out><![CDATA[]]></system-out>
  <system-err><![CDATA[]]></system-err>
</testsuite>
