<?xml version="1.0" encoding="UTF-8"?>
<testsuite name="org.apache.jmeter.threads.TestJMeterThread" tests="3" skipped="0" failures="0" errors="0" timestamp="2020-04-13T04:21:48" hostname="DESKTOP-E34GR96" time="0.028">
  <properties/>
  <testcase name="testBug61661OnException()" classname="org.apache.jmeter.threads.TestJMeterThread" time="0.01"/>
  <testcase name="testBug63490EndTestWhenDelayIsTooLongForScheduler()" classname="org.apache.jmeter.threads.TestJMeterThread" time="0.017"/>
  <testcase name="testBug61661OnError()" classname="org.apache.jmeter.threads.TestJMeterThread" time="0.001"/>
  <system-out><![CDATA[]]></system-out>
  <system-err><![CDATA[]]></system-err>
</testsuite>
