<?xml version="1.0" encoding="UTF-8"?>
<testsuite name="org.apache.jmeter.report.processor.Top5ErrorsBySamplerConsumerSpec" tests="4" skipped="0" failures="0" errors="0" timestamp="2020-04-13T04:21:54" hostname="DESKTOP-E34GR96" time="0.382">
  <properties/>
  <testcase name="summary info data updated with non-controller passing sample" classname="org.apache.jmeter.report.processor.Top5ErrorsBySamplerConsumerSpec" time="0.346"/>
  <testcase name="summary info data updated with non-controller failing sample" classname="org.apache.jmeter.report.processor.Top5ErrorsBySamplerConsumerSpec" time="0.027"/>
  <testcase name="key from sample is name" classname="org.apache.jmeter.report.processor.Top5ErrorsBySamplerConsumerSpec" time="0.003"/>
  <testcase name="there are 3 + 2n expected results title columns" classname="org.apache.jmeter.report.processor.Top5ErrorsBySamplerConsumerSpec" time="0.006"/>
  <system-out><![CDATA[]]></system-out>
  <system-err><![CDATA[]]></system-err>
</testsuite>
