<?xml version="1.0" encoding="UTF-8"?>
<testsuite name="org.apache.jmeter.engine.TestTreeCloner" tests="1" skipped="0" failures="0" errors="0" timestamp="2020-04-13T04:21:40" hostname="DESKTOP-E34GR96" time="0.055">
  <properties/>
  <testcase name="testCloning()" classname="org.apache.jmeter.engine.TestTreeCloner" time="0.055"/>
  <system-out><![CDATA[]]></system-out>
  <system-err><![CDATA[]]></system-err>
</testsuite>
