<?xml version="1.0" encoding="UTF-8"?>
<testsuite name="org.apache.jmeter.util.keystore.JmeterKeyStoreSpec" tests="3" skipped="0" failures="0" errors="0" timestamp="2020-04-13T04:21:55" hostname="DESKTOP-E34GR96" time="0.015">
  <properties/>
  <testcase name="IllegalArgumentException expected when (-1, 0) startIndex &lt; 0, endIndex &lt; -1, or endIndex &lt; startIndex" classname="org.apache.jmeter.util.keystore.JmeterKeyStoreSpec" time="0.013"/>
  <testcase name="IllegalArgumentException expected when (0, -2) startIndex &lt; 0, endIndex &lt; -1, or endIndex &lt; startIndex" classname="org.apache.jmeter.util.keystore.JmeterKeyStoreSpec" time="0.0"/>
  <testcase name="IllegalArgumentException expected when (1, 0) startIndex &lt; 0, endIndex &lt; -1, or endIndex &lt; startIndex" classname="org.apache.jmeter.util.keystore.JmeterKeyStoreSpec" time="0.0"/>
  <system-out><![CDATA[]]></system-out>
  <system-err><![CDATA[]]></system-err>
</testsuite>
