<?xml version="1.0" encoding="UTF-8"?>
<testsuite name="org.apache.jmeter.util.StringUtilitiesTest" tests="5" skipped="0" failures="0" errors="0" timestamp="2020-04-13T04:21:49" hostname="DESKTOP-E34GR96" time="0.007">
  <properties/>
  <testcase name="testSub1()" classname="org.apache.jmeter.util.StringUtilitiesTest" time="0.001"/>
  <testcase name="testSub2()" classname="org.apache.jmeter.util.StringUtilitiesTest" time="0.001"/>
  <testcase name="testSub3()" classname="org.apache.jmeter.util.StringUtilitiesTest" time="0.001"/>
  <testcase name="testSub4()" classname="org.apache.jmeter.util.StringUtilitiesTest" time="0.001"/>
  <testcase name="testServer()" classname="org.apache.jmeter.util.StringUtilitiesTest" time="0.001"/>
  <system-out><![CDATA[]]></system-out>
  <system-err><![CDATA[]]></system-err>
</testsuite>
