<?xml version="1.0" encoding="UTF-8"?>
<testsuite name="org.apache.jmeter.testelement.PackageTest" tests="2" skipped="0" failures="0" errors="0" timestamp="2020-04-13T04:21:48" hostname="DESKTOP-E34GR96" time="0.003">
  <properties/>
  <testcase name="testArguments()" classname="org.apache.jmeter.testelement.PackageTest" time="0.0"/>
  <testcase name="testRecovery()" classname="org.apache.jmeter.testelement.PackageTest" time="0.002"/>
  <system-out><![CDATA[]]></system-out>
  <system-err><![CDATA[]]></system-err>
</testsuite>
