<?xml version="1.0" encoding="UTF-8"?>
<testsuite name="org.apache.jmeter.gui.HtmlReportGUISpec" tests="1" skipped="0" failures="0" errors="0" timestamp="2020-04-13T04:21:51" hostname="DESKTOP-E34GR96" time="2.164">
  <properties/>
  <testcase name="test HtmlReportUI initialization" classname="org.apache.jmeter.gui.HtmlReportGUISpec" time="2.164"/>
  <system-out><![CDATA[]]></system-out>
  <system-err><![CDATA[]]></system-err>
</testsuite>
