<?xml version="1.0" encoding="UTF-8"?>
<testsuite name="org.apache.jorphan.TestXMLBuffer" tests="4" skipped="0" failures="0" errors="0" timestamp="2020-04-13T04:21:51" hostname="DESKTOP-E34GR96" time="0.006">
  <properties/>
  <testcase name="test1()" classname="org.apache.jorphan.TestXMLBuffer" time="0.004"/>
  <testcase name="test2()" classname="org.apache.jorphan.TestXMLBuffer" time="0.0"/>
  <testcase name="test3()" classname="org.apache.jorphan.TestXMLBuffer" time="0.0"/>
  <testcase name="test4()" classname="org.apache.jorphan.TestXMLBuffer" time="0.0"/>
  <system-out><![CDATA[]]></system-out>
  <system-err><![CDATA[]]></system-err>
</testsuite>
