<?xml version="1.0" encoding="UTF-8"?>
<testsuite name="org.apache.jmeter.testbeans.gui.TestComboStringEditor" tests="2" skipped="0" failures="0" errors="0" timestamp="2020-04-13T04:21:48" hostname="DESKTOP-E34GR96" time="0.208">
  <properties/>
  <testcase name="testSetGetAsText()" classname="org.apache.jmeter.testbeans.gui.TestComboStringEditor" time="0.191"/>
  <testcase name="testSetGet()" classname="org.apache.jmeter.testbeans.gui.TestComboStringEditor" time="0.016"/>
  <system-out><![CDATA[]]></system-out>
  <system-err><![CDATA[]]></system-err>
</testsuite>
