<?xml version="1.0" encoding="UTF-8"?>
<testsuite name="org.apache.jmeter.engine.DistributedRunnerTest" tests="4" skipped="0" failures="0" errors="0" timestamp="2020-04-13T04:21:37" hostname="DESKTOP-E34GR96" time="0.241">
  <properties/>
  <testcase name="testFailure1()" classname="org.apache.jmeter.engine.DistributedRunnerTest" time="0.186"/>
  <testcase name="testFailure2()" classname="org.apache.jmeter.engine.DistributedRunnerTest" time="0.008"/>
  <testcase name="testFailure3()" classname="org.apache.jmeter.engine.DistributedRunnerTest" time="0.026"/>
  <testcase name="testSuccess()" classname="org.apache.jmeter.engine.DistributedRunnerTest" time="0.017"/>
  <system-out><![CDATA[]]></system-out>
  <system-err><![CDATA[]]></system-err>
</testsuite>
