<?xml version="1.0" encoding="UTF-8"?>
<testsuite name="org.apache.jmeter.gui.util.JSyntaxTextAreaTest" tests="2" skipped="0" failures="0" errors="0" timestamp="2020-04-13T04:21:40" hostname="DESKTOP-E34GR96" time="0.804">
  <properties/>
  <testcase name="testSyntaxNames()" classname="org.apache.jmeter.gui.util.JSyntaxTextAreaTest" time="0.006"/>
  <testcase name="testSetLanguage()" classname="org.apache.jmeter.gui.util.JSyntaxTextAreaTest" time="0.798"/>
  <system-out><![CDATA[]]></system-out>
  <system-err><![CDATA[]]></system-err>
</testsuite>
