<?xml version="1.0" encoding="UTF-8"?>
<testsuite name="org.apache.jmeter.util.JSR223TestElementTest" tests="2" skipped="0" failures="0" errors="0" timestamp="2020-04-13T04:21:48" hostname="DESKTOP-E34GR96" time="0.557">
  <properties/>
  <testcase name="testGetScriptEngineDefault()" classname="org.apache.jmeter.util.JSR223TestElementTest" time="0.027"/>
  <testcase name="testGetScriptEngineJS()" classname="org.apache.jmeter.util.JSR223TestElementTest" time="0.53"/>
  <system-out><![CDATA[]]></system-out>
  <system-err><![CDATA[]]></system-err>
</testsuite>
