<?xml version="1.0" encoding="UTF-8"?>
<testsuite name="org.apache.jmeter.timers.TimerServiceTest" tests="4" skipped="0" failures="0" errors="0" timestamp="2020-04-13T04:21:49" hostname="DESKTOP-E34GR96" time="0.004">
  <properties/>
  <testcase name="testNegativeEndTime()" classname="org.apache.jmeter.timers.TimerServiceTest" time="0.001"/>
  <testcase name="testBigInitialDelayAndWait()" classname="org.apache.jmeter.timers.TimerServiceTest" time="0.001"/>
  <testcase name="testSmallInitialDelay()" classname="org.apache.jmeter.timers.TimerServiceTest" time="0.001"/>
  <testcase name="testBigInitialDelayAndDontWait()" classname="org.apache.jmeter.timers.TimerServiceTest" time="0.001"/>
  <system-out><![CDATA[]]></system-out>
  <system-err><![CDATA[]]></system-err>
</testsuite>
