<?xml version="1.0" encoding="UTF-8"?>
<testsuite name="org.apache.jmeter.visualizers.backend.SamplerMetricTimedModeTest" tests="2" skipped="0" failures="0" errors="0" timestamp="2020-04-13T04:21:53" hostname="DESKTOP-E34GR96" time="0.002">
  <properties/>
  <testcase name="checkResetOkAndAllStats()" classname="org.apache.jmeter.visualizers.backend.SamplerMetricTimedModeTest" time="0.001"/>
  <testcase name="checkResetKoAndAllStats()" classname="org.apache.jmeter.visualizers.backend.SamplerMetricTimedModeTest" time="0.001"/>
  <system-out><![CDATA[]]></system-out>
  <system-err><![CDATA[]]></system-err>
</testsuite>
