<?xml version="1.0" encoding="UTF-8"?>
<testsuite name="org.apache.jmeter.extractor.json.jmespath.TestJMESPathExtractor$SourceVarOrResponse" tests="10" skipped="0" failures="0" errors="0" timestamp="2020-04-13T04:21:54" hostname="DESKTOP-E34GR96" time="0.031">
  <properties/>
  <testcase name="testRandomElementMultipleMatches[0]" classname="org.apache.jmeter.extractor.json.jmespath.TestJMESPathExtractor$SourceVarOrResponse" time="0.014"/>
  <testcase name="testErrorInJMESPath[0]" classname="org.apache.jmeter.extractor.json.jmespath.TestJMESPathExtractor$SourceVarOrResponse" time="0.004"/>
  <testcase name="testRandomElementOneMatch[0]" classname="org.apache.jmeter.extractor.json.jmespath.TestJMESPathExtractor$SourceVarOrResponse" time="0.002"/>
  <testcase name="testEmptySourceData[0]" classname="org.apache.jmeter.extractor.json.jmespath.TestJMESPathExtractor$SourceVarOrResponse" time="0.0"/>
  <testcase name="testNoMatch[0]" classname="org.apache.jmeter.extractor.json.jmespath.TestJMESPathExtractor$SourceVarOrResponse" time="0.002"/>
  <testcase name="testRandomElementMultipleMatches[1]" classname="org.apache.jmeter.extractor.json.jmespath.TestJMESPathExtractor$SourceVarOrResponse" time="0.0"/>
  <testcase name="testErrorInJMESPath[1]" classname="org.apache.jmeter.extractor.json.jmespath.TestJMESPathExtractor$SourceVarOrResponse" time="0.001"/>
  <testcase name="testRandomElementOneMatch[1]" classname="org.apache.jmeter.extractor.json.jmespath.TestJMESPathExtractor$SourceVarOrResponse" time="0.0"/>
  <testcase name="testEmptySourceData[1]" classname="org.apache.jmeter.extractor.json.jmespath.TestJMESPathExtractor$SourceVarOrResponse" time="0.001"/>
  <testcase name="testNoMatch[1]" classname="org.apache.jmeter.extractor.json.jmespath.TestJMESPathExtractor$SourceVarOrResponse" time="0.0"/>
  <system-out><![CDATA[]]></system-out>
  <system-err><![CDATA[]]></system-err>
</testsuite>
