<?xml version="1.0" encoding="UTF-8"?>
<testsuite name="org.apache.jmeter.config.gui.TestArgumentsPanel" tests="1" skipped="0" failures="0" errors="0" timestamp="2020-04-13T04:21:42" hostname="DESKTOP-E34GR96" time="0.119">
  <properties/>
  <testcase name="testArgumentCreation()" classname="org.apache.jmeter.config.gui.TestArgumentsPanel" time="0.119"/>
  <system-out><![CDATA[]]></system-out>
  <system-err><![CDATA[]]></system-err>
</testsuite>
