<?xml version="1.0" encoding="UTF-8"?>
<testsuite name="org.apache.jmeter.extractor.json.jmespath.TestJMESPathExtractor$MultipleMatchesOnAllExtractedValues" tests="6" skipped="0" failures="0" errors="0" timestamp="2020-04-13T04:21:54" hostname="DESKTOP-E34GR96" time="0.003">
  <properties/>
  <testcase name="testFromVars[0]" classname="org.apache.jmeter.extractor.json.jmespath.TestJMESPathExtractor$MultipleMatchesOnAllExtractedValues" time="0.0"/>
  <testcase name="testFromSampleResult[0]" classname="org.apache.jmeter.extractor.json.jmespath.TestJMESPathExtractor$MultipleMatchesOnAllExtractedValues" time="0.001"/>
  <testcase name="testFromVars[1]" classname="org.apache.jmeter.extractor.json.jmespath.TestJMESPathExtractor$MultipleMatchesOnAllExtractedValues" time="0.0"/>
  <testcase name="testFromSampleResult[1]" classname="org.apache.jmeter.extractor.json.jmespath.TestJMESPathExtractor$MultipleMatchesOnAllExtractedValues" time="0.001"/>
  <testcase name="testFromVars[2]" classname="org.apache.jmeter.extractor.json.jmespath.TestJMESPathExtractor$MultipleMatchesOnAllExtractedValues" time="0.001"/>
  <testcase name="testFromSampleResult[2]" classname="org.apache.jmeter.extractor.json.jmespath.TestJMESPathExtractor$MultipleMatchesOnAllExtractedValues" time="0.0"/>
  <system-out><![CDATA[]]></system-out>
  <system-err><![CDATA[]]></system-err>
</testsuite>
