<?xml version="1.0" encoding="UTF-8"?>
<testsuite name="org.apache.jmeter.control.ThroughputControllerSpec" tests="8" skipped="0" failures="0" errors="0" timestamp="2020-04-13T04:21:57" hostname="DESKTOP-E34GR96" time="0.069">
  <properties/>
  <testcase name="new TC isDone is true" classname="org.apache.jmeter.control.ThroughputControllerSpec" time="0.025"/>
  <testcase name="2 maxThroughput runs samplers inside the TC only twice" classname="org.apache.jmeter.control.ThroughputControllerSpec" time="0.014"/>
  <testcase name="0 maxThroughput does not run any samplers inside the TC" classname="org.apache.jmeter.control.ThroughputControllerSpec" time="0.005"/>
  <testcase name="0 maxThroughput does not run any sampler inside the TC and does not cause StackOverFlowError" classname="org.apache.jmeter.control.ThroughputControllerSpec" time="0.003"/>
  <testcase name="0.0 percentThroughput does not run any sampler inside the TC and does not cause StackOverFlowError" classname="org.apache.jmeter.control.ThroughputControllerSpec" time="0.001"/>
  <testcase name="33.33% will run all the samplers inside the TC every 3 iterations" classname="org.apache.jmeter.control.ThroughputControllerSpec" time="0.012"/>
  <testcase name="0% does not run any samplers inside the TC" classname="org.apache.jmeter.control.ThroughputControllerSpec" time="0.004"/>
  <testcase name="100% always runs all samplers inside the TC" classname="org.apache.jmeter.control.ThroughputControllerSpec" time="0.004"/>
  <system-out><![CDATA[]]></system-out>
  <system-err><![CDATA[]]></system-err>
</testsuite>
