<?xml version="1.0" encoding="UTF-8"?>
<testsuite name="org.apache.jmeter.control.RandomOrderControllerSpec" tests="4" skipped="0" failures="0" errors="0" timestamp="2020-04-13T04:21:55" hostname="DESKTOP-E34GR96" time="0.229">
  <properties/>
  <testcase name="next() on an empty controller returns null" classname="org.apache.jmeter.control.RandomOrderControllerSpec" time="0.012"/>
  <testcase name="next() returns only provided sampler" classname="org.apache.jmeter.control.RandomOrderControllerSpec" time="0.015"/>
  <testcase name="next() returns exactly all added elements in random order" classname="org.apache.jmeter.control.RandomOrderControllerSpec" time="0.063"/>
  <testcase name="next() is null if isDone() is true" classname="org.apache.jmeter.control.RandomOrderControllerSpec" time="0.139"/>
  <system-out><![CDATA[]]></system-out>
  <system-err><![CDATA[]]></system-err>
</testsuite>
