<?xml version="1.0" encoding="UTF-8"?>
<testsuite name="org.apache.jmeter.assertions.MD5HexAssertionSpec" tests="7" skipped="0" failures="0" errors="0" timestamp="2020-04-13T04:21:55" hostname="DESKTOP-E34GR96" time="0.045">
  <properties/>
  <testcase name="unset allowable hash with empty response fails" classname="org.apache.jmeter.assertions.MD5HexAssertionSpec" time="0.024"/>
  <testcase name="incorrect hash  causes result failure" classname="org.apache.jmeter.assertions.MD5HexAssertionSpec" time="0.002"/>
  <testcase name="incorrect hash anything causes result failure" classname="org.apache.jmeter.assertions.MD5HexAssertionSpec" time="0.002"/>
  <testcase name="incorrect hash aaaaaaaaaaaaaaaaaaaaaaaaaaaaaaaa causes result failure" classname="org.apache.jmeter.assertions.MD5HexAssertionSpec" time="0.003"/>
  <testcase name="example MD5s - 'anything' == 'f0e166dc34d14d6c228ffac576c9a43c'" classname="org.apache.jmeter.assertions.MD5HexAssertionSpec" time="0.004"/>
  <testcase name="example MD5s - 'anything' == 'F0e166Dc34D14d6c228ffac576c9a43c'" classname="org.apache.jmeter.assertions.MD5HexAssertionSpec" time="0.0"/>
  <testcase name="empty array has MD5 hash of D41D8CD98F00B204E9800998ECF8427E" classname="org.apache.jmeter.assertions.MD5HexAssertionSpec" time="0.003"/>
  <system-out><![CDATA[]]></system-out>
  <system-err><![CDATA[]]></system-err>
</testsuite>
