<?xml version="1.0" encoding="UTF-8"?>
<testsuite name="org.apache.jmeter.gui.action.TestSave" tests="1" skipped="0" failures="0" errors="0" timestamp="2020-04-13T04:21:47" hostname="DESKTOP-E34GR96" time="0.01">
  <properties/>
  <testcase name="testTreeConversion()" classname="org.apache.jmeter.gui.action.TestSave" time="0.01"/>
  <system-out><![CDATA[]]></system-out>
  <system-err><![CDATA[]]></system-err>
</testsuite>
