<?xml version="1.0" encoding="UTF-8"?>
<testsuite name="org.apache.jmeter.extractor.TestHtmlExtractorJodd" tests="14" skipped="0" failures="0" errors="0" timestamp="2020-04-13T04:21:44" hostname="DESKTOP-E34GR96" time="0.204">
  <properties/>
  <testcase name="testMultipleVariableExtractionNoMatch()" classname="org.apache.jmeter.extractor.TestHtmlExtractorJodd" time="0.175"/>
  <testcase name="testMultipleVariableExtraction()" classname="org.apache.jmeter.extractor.TestHtmlExtractorJodd" time="0.001"/>
  <testcase name="testEmptyDefaultVariable()" classname="org.apache.jmeter.extractor.TestHtmlExtractorJodd" time="0.008"/>
  <testcase name="testPreviousVarsAreCleanedUp()" classname="org.apache.jmeter.extractor.TestHtmlExtractorJodd" time="0.001"/>
  <testcase name="testNoPrevious()" classname="org.apache.jmeter.extractor.TestHtmlExtractorJodd" time="0.0"/>
  <testcase name="testProcessAllElementsMultipleMatches()" classname="org.apache.jmeter.extractor.TestHtmlExtractorJodd" time="0.001"/>
  <testcase name="testNotEmptyDefaultVariable()" classname="org.apache.jmeter.extractor.TestHtmlExtractorJodd" time="0.001"/>
  <testcase name="testVariableExtractionWithAttribute2()" classname="org.apache.jmeter.extractor.TestHtmlExtractorJodd" time="0.001"/>
  <testcase name="testUnknownExtractor()" classname="org.apache.jmeter.extractor.TestHtmlExtractorJodd" time="0.001"/>
  <testcase name="testProcessAllElementsSingleMatch()" classname="org.apache.jmeter.extractor.TestHtmlExtractorJodd" time="0.0"/>
  <testcase name="testVariableExtraction0()" classname="org.apache.jmeter.extractor.TestHtmlExtractorJodd" time="0.001"/>
  <testcase name="testVariableExtraction2()" classname="org.apache.jmeter.extractor.TestHtmlExtractorJodd" time="0.001"/>
  <testcase name="testNotEmptyDefaultValue()" classname="org.apache.jmeter.extractor.TestHtmlExtractorJodd" time="0.001"/>
  <testcase name="testMultipleVariableExtractionWithAttribute()" classname="org.apache.jmeter.extractor.TestHtmlExtractorJodd" time="0.001"/>
  <system-out><![CDATA[]]></system-out>
  <system-err><![CDATA[]]></system-err>
</testsuite>
