<?xml version="1.0" encoding="UTF-8"?>
<testsuite name="org.apache.jmeter.extractor.JoddExtractorSpec" tests="4" skipped="0" failures="0" errors="0" timestamp="2020-04-13T04:21:57" hostname="DESKTOP-E34GR96" time="0.03">
  <properties/>
  <testcase name="extract p and " classname="org.apache.jmeter.extractor.JoddExtractorSpec" time="0.024"/>
  <testcase name="extract h1[class=title] and class" classname="org.apache.jmeter.extractor.JoddExtractorSpec" time="0.001"/>
  <testcase name="extract h1 and " classname="org.apache.jmeter.extractor.JoddExtractorSpec" time="0.001"/>
  <testcase name="extract notthere and " classname="org.apache.jmeter.extractor.JoddExtractorSpec" time="0.001"/>
  <system-out><![CDATA[]]></system-out>
  <system-err><![CDATA[]]></system-err>
</testsuite>
