<?xml version="1.0" encoding="UTF-8"?>
<testsuite name="org.apache.jmeter.control.TestRandomController" tests="3" skipped="0" failures="0" errors="0" timestamp="2020-04-13T04:21:44" hostname="DESKTOP-E34GR96" time="0.004">
  <properties/>
  <testcase name="testRandomOrder()" classname="org.apache.jmeter.control.TestRandomController" time="0.002"/>
  <testcase name="testRandomNoElements()" classname="org.apache.jmeter.control.TestRandomController" time="0.0"/>
  <testcase name="testRandomOneElement()" classname="org.apache.jmeter.control.TestRandomController" time="0.0"/>
  <system-out><![CDATA[]]></system-out>
  <system-err><![CDATA[]]></system-err>
</testsuite>
