<?xml version="1.0" encoding="UTF-8"?>
<testsuite name="org.apache.jmeter.control.TestOnceOnlyController" tests="4" skipped="0" failures="0" errors="0" timestamp="2020-04-13T04:21:44" hostname="DESKTOP-E34GR96" time="0.011">
  <properties/>
  <testcase name="testInOuterLoop()" classname="org.apache.jmeter.control.TestOnceOnlyController" time="0.003"/>
  <testcase name="testProcessing2()" classname="org.apache.jmeter.control.TestOnceOnlyController" time="0.001"/>
  <testcase name="testProcessing()" classname="org.apache.jmeter.control.TestOnceOnlyController" time="0.001"/>
  <testcase name="testInsideInnerLoop()" classname="org.apache.jmeter.control.TestOnceOnlyController" time="0.003"/>
  <system-out><![CDATA[]]></system-out>
  <system-err><![CDATA[]]></system-err>
</testsuite>
