<?xml version="1.0" encoding="UTF-8"?>
<testsuite name="org.apache.jmeter.extractor.TestJSONPostProcessor" tests="9" skipped="0" failures="0" errors="0" timestamp="2020-04-13T04:21:45" hostname="DESKTOP-E34GR96" time="0.053">
  <properties/>
  <testcase name="testExtractSimpleArrayElements()" classname="org.apache.jmeter.extractor.TestJSONPostProcessor" time="0.007"/>
  <testcase name="testPR235CaseMatchOneWithZero()" classname="org.apache.jmeter.extractor.TestJSONPostProcessor" time="0.002"/>
  <testcase name="testBug59609()" classname="org.apache.jmeter.extractor.TestJSONPostProcessor" time="0.029"/>
  <testcase name="testProcessAllElementsMultipleMatches()" classname="org.apache.jmeter.extractor.TestJSONPostProcessor" time="0.001"/>
  <testcase name="testCaseEmptyVarBug62860()" classname="org.apache.jmeter.extractor.TestJSONPostProcessor" time="0.0"/>
  <testcase name="testProcessRandomElementMultipleMatches()" classname="org.apache.jmeter.extractor.TestJSONPostProcessor" time="0.001"/>
  <testcase name="testPR235CaseEmptyResponse()" classname="org.apache.jmeter.extractor.TestJSONPostProcessor" time="0.002"/>
  <testcase name="testProcessAllElementsOneMatch()" classname="org.apache.jmeter.extractor.TestJSONPostProcessor" time="0.003"/>
  <testcase name="testExtractComplexElements()" classname="org.apache.jmeter.extractor.TestJSONPostProcessor" time="0.002"/>
  <system-out><![CDATA[]]></system-out>
  <system-err><![CDATA[]]></system-err>
</testsuite>
