<?xml version="1.0" encoding="UTF-8"?>
<testsuite name="org.apache.jmeter.assertions.DurationAssertionTest" tests="4" skipped="0" failures="0" errors="0" timestamp="2020-04-13T04:21:34" hostname="DESKTOP-E34GR96" time="0.157">
  <properties/>
  <testcase name="testDurationEquals()" classname="org.apache.jmeter.assertions.DurationAssertionTest" time="0.141"/>
  <testcase name="testDurationHigher()" classname="org.apache.jmeter.assertions.DurationAssertionTest" time="0.004"/>
  <testcase name="testDurationZero()" classname="org.apache.jmeter.assertions.DurationAssertionTest" time="0.003"/>
  <testcase name="testDurationLower()" classname="org.apache.jmeter.assertions.DurationAssertionTest" time="0.003"/>
  <system-out><![CDATA[]]></system-out>
  <system-err><![CDATA[]]></system-err>
</testsuite>
