<?xml version="1.0" encoding="UTF-8"?>
<testsuite name="org.apache.jmeter.assertions.XmlAssertionTest" tests="4" skipped="0" failures="0" errors="0" timestamp="2020-04-13T04:21:39" hostname="DESKTOP-E34GR96" time="0.057">
  <properties/>
  <testcase name="testNoXML()" classname="org.apache.jmeter.assertions.XmlAssertionTest" time="0.035"/>
  <testcase name="testValidXML()" classname="org.apache.jmeter.assertions.XmlAssertionTest" time="0.001"/>
  <testcase name="testUnsecureX()" classname="org.apache.jmeter.assertions.XmlAssertionTest" time="0.018"/>
  <testcase name="testInvalidXML()" classname="org.apache.jmeter.assertions.XmlAssertionTest" time="0.001"/>
  <system-out><![CDATA[]]></system-out>
  <system-err><![CDATA[]]></system-err>
</testsuite>
