<?xml version="1.0" encoding="UTF-8"?>
<testsuite name="org.apache.jmeter.visualizers.TestRenderAsJson" tests="8" skipped="0" failures="0" errors="0" timestamp="2020-04-13T04:21:53" hostname="DESKTOP-E34GR96" time="0.036">
  <properties/>
  <testcase name="testRenderResultComplexArray()" classname="org.apache.jmeter.visualizers.TestRenderAsJson" time="0.011"/>
  <testcase name="testRenderResultWithLongStringBug54826()" classname="org.apache.jmeter.visualizers.TestRenderAsJson" time="0.012"/>
  <testcase name="testRenderResultSimpleStructure()" classname="org.apache.jmeter.visualizers.TestRenderAsJson" time="0.002"/>
  <testcase name="testRenderResultSimpleArray()" classname="org.apache.jmeter.visualizers.TestRenderAsJson" time="0.001"/>
  <testcase name="testRenderArrayInObject()" classname="org.apache.jmeter.visualizers.TestRenderAsJson" time="0.001"/>
  <testcase name="testRenderResultSimpleNumber()" classname="org.apache.jmeter.visualizers.TestRenderAsJson" time="0.001"/>
  <testcase name="testRenderResultSimpleObject()" classname="org.apache.jmeter.visualizers.TestRenderAsJson" time="0.001"/>
  <testcase name="testRenderResultSimpleString()" classname="org.apache.jmeter.visualizers.TestRenderAsJson" time="0.001"/>
  <system-out><![CDATA[]]></system-out>
  <system-err><![CDATA[]]></system-err>
</testsuite>
