<?xml version="1.0" encoding="UTF-8"?>
<testsuite name="org.apache.jmeter.assertions.jmespath.gui.JMESPathAssertionGuiTest" tests="7" skipped="0" failures="0" errors="0" timestamp="2020-04-13T04:21:35" hostname="DESKTOP-E34GR96" time="1.059">
  <properties/>
  <testcase name="testInit()" classname="org.apache.jmeter.assertions.jmespath.gui.JMESPathAssertionGuiTest" time="0.03"/>
  <testcase name="testGetStaticLabel()" classname="org.apache.jmeter.assertions.jmespath.gui.JMESPathAssertionGuiTest" time="0.006"/>
  <testcase name="testGetLabelResource()" classname="org.apache.jmeter.assertions.jmespath.gui.JMESPathAssertionGuiTest" time="0.007"/>
  <testcase name="testModifyTestElement()" classname="org.apache.jmeter.assertions.jmespath.gui.JMESPathAssertionGuiTest" time="0.924"/>
  <testcase name="testConfigure()" classname="org.apache.jmeter.assertions.jmespath.gui.JMESPathAssertionGuiTest" time="0.006"/>
  <testcase name="testCreateTestElement()" classname="org.apache.jmeter.assertions.jmespath.gui.JMESPathAssertionGuiTest" time="0.006"/>
  <testcase name="testClearGui()" classname="org.apache.jmeter.assertions.jmespath.gui.JMESPathAssertionGuiTest" time="0.07"/>
  <system-out><![CDATA[]]></system-out>
  <system-err><![CDATA[]]></system-err>
</testsuite>
