<?xml version="1.0" encoding="UTF-8"?>
<testsuite name="org.apache.jmeter.visualizers.TestSamplingStatCalculator" tests="2" skipped="0" failures="0" errors="0" timestamp="2020-04-13T04:21:53" hostname="DESKTOP-E34GR96" time="0.007">
  <properties/>
  <testcase name="testGetAvgPageBytes()" classname="org.apache.jmeter.visualizers.TestSamplingStatCalculator" time="0.005"/>
  <testcase name="testGetCurrentSample()" classname="org.apache.jmeter.visualizers.TestSamplingStatCalculator" time="0.001"/>
  <system-out><![CDATA[]]></system-out>
  <system-err><![CDATA[]]></system-err>
</testsuite>
