<?xml version="1.0" encoding="UTF-8"?>
<testsuite name="org.apache.jmeter.assertions.SMIMEAssertionTest" tests="6" skipped="0" failures="0" errors="0" timestamp="2020-04-13T04:21:37" hostname="DESKTOP-E34GR96" time="1.733">
  <properties/>
  <testcase name="testSignerSignerDN()" classname="org.apache.jmeter.assertions.SMIMEAssertionTest" time="1.543"/>
  <testcase name="testSignerCert()" classname="org.apache.jmeter.assertions.SMIMEAssertionTest" time="0.016"/>
  <testcase name="testSignerIssuerDN()" classname="org.apache.jmeter.assertions.SMIMEAssertionTest" time="0.005"/>
  <testcase name="testSignerEmail()" classname="org.apache.jmeter.assertions.SMIMEAssertionTest" time="0.009"/>
  <testcase name="testSignerSerial()" classname="org.apache.jmeter.assertions.SMIMEAssertionTest" time="0.006"/>
  <testcase name="testSignature()" classname="org.apache.jmeter.assertions.SMIMEAssertionTest" time="0.153"/>
  <system-out><![CDATA[]]></system-out>
  <system-err><![CDATA[]]></system-err>
</testsuite>
