<?xml version="1.0" encoding="UTF-8"?>
<testsuite name="org.apache.jmeter.config.TestRandomVariableConfig" tests="3" skipped="0" failures="0" errors="0" timestamp="2020-04-13T04:21:43" hostname="DESKTOP-E34GR96" time="0.008">
  <properties/>
  <testcase name="testRandomWithFormat()" classname="org.apache.jmeter.config.TestRandomVariableConfig" time="0.004"/>
  <testcase name="testInvalidRange()" classname="org.apache.jmeter.config.TestRandomVariableConfig" time="0.002"/>
  <testcase name="testRandom()" classname="org.apache.jmeter.config.TestRandomVariableConfig" time="0.001"/>
  <system-out><![CDATA[]]></system-out>
  <system-err><![CDATA[]]></system-err>
</testsuite>
