<?xml version="1.0" encoding="UTF-8"?>
<testsuite name="org.apache.jmeter.timers.poissonarrivals.PreciseThroughputTimerTest" tests="2" skipped="0" failures="0" errors="0" timestamp="2020-04-13T04:21:49" hostname="DESKTOP-E34GR96" time="0.066">
  <properties/>
  <testcase name="testExactNumberOfSamples()" classname="org.apache.jmeter.timers.poissonarrivals.PreciseThroughputTimerTest" time="0.066"/>
  <testcase name="testTimer1()" classname="org.apache.jmeter.timers.poissonarrivals.PreciseThroughputTimerTest" time="0.0"/>
  <system-out><![CDATA[]]></system-out>
  <system-err><![CDATA[]]></system-err>
</testsuite>
