<?xml version="1.0" encoding="UTF-8"?>
<testsuite name="org.apache.jmeter.assertions.gui.TestJSONPathAssertionGui" tests="7" skipped="0" failures="0" errors="0" timestamp="2020-04-13T04:21:34" hostname="DESKTOP-E34GR96" time="1.297">
  <properties/>
  <testcase name="testInit()" classname="org.apache.jmeter.assertions.gui.TestJSONPathAssertionGui" time="1.214"/>
  <testcase name="testGetStaticLabel()" classname="org.apache.jmeter.assertions.gui.TestJSONPathAssertionGui" time="0.009"/>
  <testcase name="testGetLabelResource()" classname="org.apache.jmeter.assertions.gui.TestJSONPathAssertionGui" time="0.02"/>
  <testcase name="testModifyTestElement()" classname="org.apache.jmeter.assertions.gui.TestJSONPathAssertionGui" time="0.016"/>
  <testcase name="testConfigure()" classname="org.apache.jmeter.assertions.gui.TestJSONPathAssertionGui" time="0.007"/>
  <testcase name="testCreateTestElement()" classname="org.apache.jmeter.assertions.gui.TestJSONPathAssertionGui" time="0.008"/>
  <testcase name="testClearGui()" classname="org.apache.jmeter.assertions.gui.TestJSONPathAssertionGui" time="0.017"/>
  <system-out><![CDATA[]]></system-out>
  <system-err><![CDATA[]]></system-err>
</testsuite>
