<?xml version="1.0" encoding="UTF-8"?>
<testsuite name="org.apache.jmeter.assertions.XMLSchemaAssertionTest" tests="9" skipped="0" failures="0" errors="0" timestamp="2020-04-13T04:21:39" hostname="DESKTOP-E34GR96" time="0.508">
  <properties/>
  <testcase name="testXMLTrailingContent()" classname="org.apache.jmeter.assertions.XMLSchemaAssertionTest" time="0.431"/>
  <testcase name="testAssertionNoFile()" classname="org.apache.jmeter.assertions.XMLSchemaAssertionTest" time="0.001"/>
  <testcase name="testAssertionOK()" classname="org.apache.jmeter.assertions.XMLSchemaAssertionTest" time="0.012"/>
  <testcase name="testAssertionBadXSDFile()" classname="org.apache.jmeter.assertions.XMLSchemaAssertionTest" time="0.035"/>
  <testcase name="testAssertionFail()" classname="org.apache.jmeter.assertions.XMLSchemaAssertionTest" time="0.006"/>
  <testcase name="testAssertionEmptyResult()" classname="org.apache.jmeter.assertions.XMLSchemaAssertionTest" time="0.001"/>
  <testcase name="testXMLTrailingWhitespace()" classname="org.apache.jmeter.assertions.XMLSchemaAssertionTest" time="0.011"/>
  <testcase name="testAssertionNoResult()" classname="org.apache.jmeter.assertions.XMLSchemaAssertionTest" time="0.0"/>
  <testcase name="testAssertionBlankResult()" classname="org.apache.jmeter.assertions.XMLSchemaAssertionTest" time="0.005"/>
  <system-out><![CDATA[]]></system-out>
  <system-err><![CDATA[]]></system-err>
</testsuite>
