<?xml version="1.0" encoding="UTF-8"?>
<testsuite name="org.apache.jmeter.control.RunTimeSpec" tests="5" skipped="0" failures="0" errors="0" timestamp="2020-04-13T04:21:56" hostname="DESKTOP-E34GR96" time="1.161">
  <properties/>
  <testcase name="RunTime stops within a tolerance after specified runtime" classname="org.apache.jmeter.control.RunTimeSpec" time="1.121"/>
  <testcase name="Immediately returns null when runtime is set to 0" classname="org.apache.jmeter.control.RunTimeSpec" time="0.01"/>
  <testcase name="Immediately returns null if only Controllers are present" classname="org.apache.jmeter.control.RunTimeSpec" time="0.028"/>
  <testcase name="within time limit samplers are returned until empty" classname="org.apache.jmeter.control.RunTimeSpec" time="0.0"/>
  <testcase name="RunTime immediately returns null when there are no test elements" classname="org.apache.jmeter.control.RunTimeSpec" time="0.001"/>
  <system-out><![CDATA[]]></system-out>
  <system-err><![CDATA[]]></system-err>
</testsuite>
