<?xml version="1.0" encoding="UTF-8"?>
<testsuite name="org.apache.jmeter.assertions.gui.AssertionGuiSpec" tests="5" skipped="0" failures="0" errors="0" timestamp="2020-04-13T04:21:54" hostname="DESKTOP-E34GR96" time="0.959">
  <properties/>
  <testcase name="init of new component does not throw an exception" classname="org.apache.jmeter.assertions.gui.AssertionGuiSpec" time="0.79"/>
  <testcase name="clearing GUI component fields does not throw an exception" classname="org.apache.jmeter.assertions.gui.AssertionGuiSpec" time="0.021"/>
  <testcase name="Creation of ResponseAssertion sets name of element and enables it" classname="org.apache.jmeter.assertions.gui.AssertionGuiSpec" time="0.085"/>
  <testcase name="Modification of ResponseAssertion by GUI has no unexpected behaviour" classname="org.apache.jmeter.assertions.gui.AssertionGuiSpec" time="0.044"/>
  <testcase name="Modification of GUI by ResponseAssertion does not throw an exception" classname="org.apache.jmeter.assertions.gui.AssertionGuiSpec" time="0.019"/>
  <system-out><![CDATA[]]></system-out>
  <system-err><![CDATA[]]></system-err>
</testsuite>
