<?xml version="1.0" encoding="UTF-8"?>
<testsuite name="org.apache.jmeter.assertions.CompareAssertionSpec" tests="7" skipped="0" failures="0" errors="0" timestamp="2020-04-13T04:21:54" hostname="DESKTOP-E34GR96" time="0.535">
  <properties/>
  <testcase name="Result is simple assertionResult when only one response is given" classname="org.apache.jmeter.assertions.CompareAssertionSpec" time="0.193"/>
  <testcase name="content 'OK' with compareContent==true, skip=null, elapsed=100 and compareTime==-1" classname="org.apache.jmeter.assertions.CompareAssertionSpec" time="0.134"/>
  <testcase name="content 'different' with compareContent==true, skip=null, elapsed=100 and compareTime==-1" classname="org.apache.jmeter.assertions.CompareAssertionSpec" time="0.019"/>
  <testcase name="content 'different' with compareContent==false, skip=null, elapsed=100 and compareTime==-1" classname="org.apache.jmeter.assertions.CompareAssertionSpec" time="0.018"/>
  <testcase name="content 'different OK' with compareContent==false, skip=d\w+\s, elapsed=100 and compareTime==-1" classname="org.apache.jmeter.assertions.CompareAssertionSpec" time="0.035"/>
  <testcase name="content 'OK' with compareContent==true, skip=null, elapsed=120 and compareTime==10" classname="org.apache.jmeter.assertions.CompareAssertionSpec" time="0.013"/>
  <testcase name="content 'OK' with compareContent==true, skip=null, elapsed=110 and compareTime==10" classname="org.apache.jmeter.assertions.CompareAssertionSpec" time="0.007"/>
  <system-out><![CDATA[]]></system-out>
  <system-err><![CDATA[]]></system-err>
</testsuite>
