<?xml version="1.0" encoding="UTF-8"?>
<testsuite name="org.apache.jmeter.resources.ResourceKeyUsageTestJava" tests="1" skipped="0" failures="0" errors="0" timestamp="2020-04-13T04:22:35" hostname="DESKTOP-E34GR96" time="0.308">
  <properties/>
  <testcase name="checkResourceReferences()" classname="org.apache.jmeter.resources.ResourceKeyUsageTestJava" time="0.308"/>
  <system-out><![CDATA[]]></system-out>
  <system-err><![CDATA[]]></system-err>
</testsuite>
