<?xml version="1.0" encoding="UTF-8"?>
<testsuite name="org.apache.jorphan.reflect.TestClassTools" tests="4" skipped="0" failures="0" errors="0" timestamp="2020-04-13T04:22:26" hostname="DESKTOP-E34GR96" time="0.011">
  <properties/>
  <testcase name="testConstructStringString()" classname="org.apache.jorphan.reflect.TestClassTools" time="0.002"/>
  <testcase name="testConstructInt()" classname="org.apache.jorphan.reflect.TestClassTools" time="0.004"/>
  <testcase name="testConstructString()" classname="org.apache.jorphan.reflect.TestClassTools" time="0.001"/>
  <testcase name="testInvoke()" classname="org.apache.jorphan.reflect.TestClassTools" time="0.002"/>
  <system-out><![CDATA[]]></system-out>
  <system-err><![CDATA[]]></system-err>
</testsuite>
