<?xml version="1.0" encoding="UTF-8"?>
<testsuite name="org.apache.jorphan.util.TestConverter" tests="8" skipped="0" failures="0" errors="0" timestamp="2020-04-13T04:22:26" hostname="DESKTOP-E34GR96" time="0.051">
  <properties/>
  <testcase name="testGetCalendarObjectCalendarWithTimeAndNullDefault()" classname="org.apache.jorphan.util.TestConverter" time="0.003"/>
  <testcase name="testGetDateObjectDateWithNullAndDateAsDefault()" classname="org.apache.jorphan.util.TestConverter" time="0.0"/>
  <testcase name="testGetDateObjectDateWithInvalidStringAndNullDefault()" classname="org.apache.jorphan.util.TestConverter" time="0.01"/>
  <testcase name="testGetCalendarObjectCalendarWithInvalidStringAndNullDefault()" classname="org.apache.jorphan.util.TestConverter" time="0.001"/>
  <testcase name="testGetCalendarObjectCalendarWithNullAndCalendarAsDefault()" classname="org.apache.jorphan.util.TestConverter" time="0.002"/>
  <testcase name="testGetCalendarObjectCalendarWithValidStringAndNullDefault()" classname="org.apache.jorphan.util.TestConverter" time="0.008"/>
  <testcase name="testGetDateObjectDateWithTimeAndNullDefault()" classname="org.apache.jorphan.util.TestConverter" time="0.0"/>
  <testcase name="testGetDateObjectDateWithValidStringAndNullDefault()" classname="org.apache.jorphan.util.TestConverter" time="0.014"/>
  <system-out><![CDATA[]]></system-out>
  <system-err><![CDATA[]]></system-err>
</testsuite>
