<?xml version="1.0" encoding="UTF-8"?>
<testsuite name="org.apache.jorphan.math.TestStatCalculator" tests="10" skipped="2" failures="0" errors="0" timestamp="2020-04-13T04:22:26" hostname="DESKTOP-E34GR96" time="0.032">
  <properties/>
  <testcase name="testCalculation()" classname="org.apache.jorphan.math.TestStatCalculator" time="0.003"/>
  <testcase name="testLong()" classname="org.apache.jorphan.math.TestStatCalculator" time="0.001"/>
  <testcase name="testPercentagePoint()" classname="org.apache.jorphan.math.TestStatCalculator" time="0.002"/>
  <testcase name="testMedianBug61071()" classname="org.apache.jorphan.math.TestStatCalculator" time="0.001">
    <skipped/>
  </testcase>
  <testcase name="testPercentagePointBug()" classname="org.apache.jorphan.math.TestStatCalculator" time="0.0">
    <skipped/>
  </testcase>
  <testcase name="testBug52125_1()" classname="org.apache.jorphan.math.TestStatCalculator" time="0.001"/>
  <testcase name="testBug52125_2()" classname="org.apache.jorphan.math.TestStatCalculator" time="0.004"/>
  <testcase name="testBug52125_3()" classname="org.apache.jorphan.math.TestStatCalculator" time="0.001"/>
  <testcase name="testBug52125_2A()" classname="org.apache.jorphan.math.TestStatCalculator" time="0.001"/>
  <testcase name="testInteger()" classname="org.apache.jorphan.math.TestStatCalculator" time="0.001"/>
  <system-out><![CDATA[]]></system-out>
  <system-err><![CDATA[]]></system-err>
</testsuite>
