<?xml version="1.0" encoding="UTF-8"?>
<testsuite name="org.apache.jorphan.collections.PackageTest" tests="5" skipped="0" failures="0" errors="0" timestamp="2020-04-13T04:21:53" hostname="DESKTOP-E34GR96" time="0.117">
  <properties/>
  <testcase name="testAddObjectAndTree()" classname="org.apache.jorphan.collections.PackageTest" time="0.002"/>
  <testcase name="testAdd1()" classname="org.apache.jorphan.collections.PackageTest" time="0.002"/>
  <testcase name="testEqualsAndHashCode1()" classname="org.apache.jorphan.collections.PackageTest" time="0.001"/>
  <testcase name="testEqualsAndHashCode2()" classname="org.apache.jorphan.collections.PackageTest" time="0.002"/>
  <testcase name="testSearch()" classname="org.apache.jorphan.collections.PackageTest" time="0.01"/>
  <system-out><![CDATA[]]></system-out>
  <system-err><![CDATA[SLF4J: Failed to load class "org.slf4j.impl.StaticLoggerBinder".
SLF4J: Defaulting to no-operation (NOP) logger implementation
SLF4J: See http://www.slf4j.org/codes.html#StaticLoggerBinder for further details.
]]></system-err>
</testsuite>
