<?xml version="1.0" encoding="UTF-8"?>
<testsuite name="org.apache.jorphan.gui.ObjectTableModelTest" tests="6" skipped="0" failures="0" errors="0" timestamp="2020-04-13T04:22:26" hostname="DESKTOP-E34GR96" time="0.085">
  <properties/>
  <testcase name="checkMoveRow_from_5_11_to_0()" classname="org.apache.jorphan.gui.ObjectTableModelTest" time="0.017"/>
  <testcase name="checkClear()" classname="org.apache.jorphan.gui.ObjectTableModelTest" time="0.001"/>
  <testcase name="checkAddRow()" classname="org.apache.jorphan.gui.ObjectTableModelTest" time="0.054"/>
  <testcase name="checkMoveRow_from_0_6_to_0()" classname="org.apache.jorphan.gui.ObjectTableModelTest" time="0.004"/>
  <testcase name="checkMoveRow_from_0_6_to_10()" classname="org.apache.jorphan.gui.ObjectTableModelTest" time="0.002"/>
  <testcase name="checkInsertRow()" classname="org.apache.jorphan.gui.ObjectTableModelTest" time="0.003"/>
  <system-out><![CDATA[]]></system-out>
  <system-err><![CDATA[]]></system-err>
</testsuite>
