<?xml version="1.0" encoding="UTF-8"?>
<testsuite name="org.apache.jorphan.exec.TestKeyToolUtils" tests="3" skipped="0" failures="0" errors="0" timestamp="2020-04-13T04:22:06" hostname="DESKTOP-E34GR96" time="19.895">
  <properties/>
  <testcase name="testDNSNameBasedCert()" classname="org.apache.jorphan.exec.TestKeyToolUtils" time="7.944"/>
  <testcase name="testCheckKeytool()" classname="org.apache.jorphan.exec.TestKeyToolUtils" time="0.029"/>
  <testcase name="testIPBasedCert()" classname="org.apache.jorphan.exec.TestKeyToolUtils" time="11.921"/>
  <system-out><![CDATA[]]></system-out>
  <system-err><![CDATA[]]></system-err>
</testsuite>
