<?xml version="1.0" encoding="UTF-8"?>
<testsuite name="org.apache.jmeter.protocol.jms.sampler.render.TextMessageRendererTest" tests="7" skipped="0" failures="0" errors="0" timestamp="2020-04-13T04:22:47" hostname="DESKTOP-E34GR96" time="0.04">
  <properties/>
  <testcase name="getValueFromFileWithOneVar(JMeterVariables)" classname="org.apache.jmeter.protocol.jms.sampler.render.TextMessageRendererTest" time="0.006"/>
  <testcase name="checkCache(JMeterVariables)" classname="org.apache.jmeter.protocol.jms.sampler.render.TextMessageRendererTest" time="0.005"/>
  <testcase name="checkNoVariable(JMeterVariables)" classname="org.apache.jmeter.protocol.jms.sampler.render.TextMessageRendererTest" time="0.004"/>
  <testcase name="getValueFromText()" classname="org.apache.jmeter.protocol.jms.sampler.render.TextMessageRendererTest" time="0.003"/>
  <testcase name="testGetContent(String)[1]" classname="org.apache.jmeter.protocol.jms.sampler.render.TextMessageRendererTest" time="0.004"/>
  <testcase name="testGetContent(String)[2]" classname="org.apache.jmeter.protocol.jms.sampler.render.TextMessageRendererTest" time="0.004"/>
  <testcase name="getValueFromFileWithNoVar()" classname="org.apache.jmeter.protocol.jms.sampler.render.TextMessageRendererTest" time="0.004"/>
  <system-out><![CDATA[]]></system-out>
  <system-err><![CDATA[]]></system-err>
</testsuite>
