<?xml version="1.0" encoding="UTF-8"?>
<testsuite name="org.apache.jmeter.protocol.jms.sampler.PublisherSamplerTest" tests="1" skipped="0" failures="0" errors="0" timestamp="2020-04-13T04:22:42" hostname="DESKTOP-E34GR96" time="3.267">
  <properties/>
  <testcase name="noopCache()" classname="org.apache.jmeter.protocol.jms.sampler.PublisherSamplerTest" time="3.267"/>
  <system-out><![CDATA[]]></system-out>
  <system-err><![CDATA[]]></system-err>
</testsuite>
