<?xml version="1.0" encoding="UTF-8"?>
<testsuite name="org.apache.jmeter.protocol.ldap.config.gui.PackageTest" tests="1" skipped="0" failures="0" errors="0" timestamp="2020-04-13T04:22:52" hostname="DESKTOP-E34GR96" time="2.166">
  <properties/>
  <testcase name="testLDAPArgumentCreation()" classname="org.apache.jmeter.protocol.ldap.config.gui.PackageTest" time="2.166"/>
  <system-out><![CDATA[]]></system-out>
  <system-err><![CDATA[]]></system-err>
</testsuite>
